Loading initial blockchain...
Loading remaining individual blocks...
2017-02-24 12:18:30 UTC Configured for Hive using Ethash engine
2017-02-24 12:18:30 UTC Import completed in 0 seconds, 1 blocks, 2 blk/s, 1 transactions, 2 tx/s, 0 Mgas, 1 Mgas/s
2017-02-24 12:18:30 UTC Configured for Hive using Ethash engine
2017-02-24 12:18:31 UTC Import completed in 0 seconds, 1 blocks, 3 blk/s, 1 transactions, 3 tx/s, 0 Mgas, 0 Mgas/s
2017-02-24 12:18:31 UTC Configured for Hive using Ethash engine
2017-02-24 12:18:31 UTC Import completed in 0 seconds, 1 blocks, 3 blk/s, 1 transactions, 3 tx/s, 0 Mgas, 0 Mgas/s
2017-02-24 12:18:32 UTC Configured for Hive using Ethash engine
2017-02-24 12:18:32 UTC Import completed in 0 seconds, 1 blocks, 2 blk/s, 1 transactions, 2 tx/s, 0 Mgas, 0 Mgas/s
2017-02-24 12:18:32 UTC Configured for Hive using Ethash engine
2017-02-24 12:18:33 UTC Import completed in 0 seconds, 1 blocks, 2 blk/s, 1 transactions, 2 tx/s, 0 Mgas, 0 Mgas/s
2017-02-24 12:18:33 UTC Configured for Hive using Ethash engine
2017-02-24 12:18:33 UTC Import completed in 0 seconds, 1 blocks, 3 blk/s, 1 transactions, 3 tx/s, 0 Mgas, 0 Mgas/s
2017-02-24 12:18:34 UTC Configured for Hive using Ethash engine
2017-02-24 12:18:34 UTC Import completed in 0 seconds, 1 blocks, 2 blk/s, 1 transactions, 2 tx/s, 0 Mgas, 0 Mgas/s
2017-02-24 12:18:34 UTC Configured for Hive using Ethash engine
2017-02-24 12:18:35 UTC Import completed in 0 seconds, 1 blocks, 2 blk/s, 1 transactions, 2 tx/s, 0 Mgas, 0 Mgas/s
2017-02-24 12:18:35 UTC Configured for Hive using Ethash engine
2017-02-24 12:18:35 UTC Import completed in 0 seconds, 1 blocks, 2 blk/s, 1 transactions, 2 tx/s, 0 Mgas, 0 Mgas/s
2017-02-24 12:18:36 UTC Configured for Hive using Ethash engine
2017-02-24 12:18:36 UTC Import completed in 0 seconds, 1 blocks, 2 blk/s, 1 transactions, 2 tx/s, 0 Mgas, 0 Mgas/s
2017-02-24 12:18:36 UTC Configured for Hive using Ethash engine
2017-02-24 12:18:37 UTC Import completed in 0 seconds, 1 blocks, 2 blk/s, 1 transactions, 2 tx/s, 0 Mgas, 0 Mgas/s
2017-02-24 12:18:37 UTC Configured for Hive using Ethash engine
2017-02-24 12:18:37 UTC Import completed in 0 seconds, 1 blocks, 3 blk/s, 1 transactions, 3 tx/s, 0 Mgas, 0 Mgas/s
2017-02-24 12:18:38 UTC Configured for Hive using Ethash engine
2017-02-24 12:18:38 UTC Import completed in 0 seconds, 1 blocks, 2 blk/s, 1 transactions, 2 tx/s, 0 Mgas, 0 Mgas/s
2017-02-24 12:18:38 UTC Configured for Hive using Ethash engine
2017-02-24 12:18:39 UTC Import completed in 0 seconds, 1 blocks, 2 blk/s, 1 transactions, 2 tx/s, 0 Mgas, 0 Mgas/s
2017-02-24 12:18:39 UTC Configured for Hive using Ethash engine
2017-02-24 12:18:39 UTC Import completed in 0 seconds, 1 blocks, 2 blk/s, 1 transactions, 2 tx/s, 0 Mgas, 0 Mgas/s
2017-02-24 12:18:39 UTC Configured for Hive using Ethash engine
2017-02-24 12:18:40 UTC Import completed in 0 seconds, 1 blocks, 2 blk/s, 1 transactions, 2 tx/s, 0 Mgas, 0 Mgas/s
2017-02-24 12:18:40 UTC Configured for Hive using Ethash engine
2017-02-24 12:18:40 UTC Import completed in 0 seconds, 1 blocks, 2 blk/s, 1 transactions, 2 tx/s, 0 Mgas, 0 Mgas/s
2017-02-24 12:18:41 UTC Configured for Hive using Ethash engine
2017-02-24 12:18:41 UTC Import completed in 0 seconds, 1 blocks, 2 blk/s, 1 transactions, 2 tx/s, 0 Mgas, 0 Mgas/s
2017-02-24 12:18:41 UTC Configured for Hive using Ethash engine
2017-02-24 12:18:42 UTC Import completed in 0 seconds, 1 blocks, 2 blk/s, 1 transactions, 2 tx/s, 0 Mgas, 0 Mgas/s
2017-02-24 12:18:42 UTC Configured for Hive using Ethash engine
2017-02-24 12:18:42 UTC Import completed in 0 seconds, 1 blocks, 3 blk/s, 1 transactions, 3 tx/s, 0 Mgas, 0 Mgas/s
2017-02-24 12:18:43 UTC Configured for Hive using Ethash engine
2017-02-24 12:18:43 UTC Import completed in 0 seconds, 1 blocks, 2 blk/s, 1 transactions, 2 tx/s, 0 Mgas, 0 Mgas/s
2017-02-24 12:18:43 UTC Configured for Hive using Ethash engine
2017-02-24 12:18:44 UTC Import completed in 0 seconds, 1 blocks, 2 blk/s, 1 transactions, 2 tx/s, 0 Mgas, 0 Mgas/s
2017-02-24 12:18:44 UTC Configured for Hive using Ethash engine
2017-02-24 12:18:44 UTC Import completed in 0 seconds, 1 blocks, 2 blk/s, 1 transactions, 2 tx/s, 0 Mgas, 0 Mgas/s
2017-02-24 12:18:45 UTC Configured for Hive using Ethash engine
2017-02-24 12:18:45 UTC Import completed in 0 seconds, 1 blocks, 2 blk/s, 1 transactions, 2 tx/s, 0 Mgas, 0 Mgas/s
2017-02-24 12:18:45 UTC Configured for Hive using Ethash engine
2017-02-24 12:18:46 UTC Import completed in 0 seconds, 1 blocks, 2 blk/s, 1 transactions, 2 tx/s, 0 Mgas, 0 Mgas/s
2017-02-24 12:18:46 UTC Configured for Hive using Ethash engine
2017-02-24 12:18:46 UTC Import completed in 0 seconds, 1 blocks, 2 blk/s, 1 transactions, 2 tx/s, 0 Mgas, 0 Mgas/s
2017-02-24 12:18:47 UTC Configured for Hive using Ethash engine
2017-02-24 12:18:47 UTC Import completed in 0 seconds, 1 blocks, 2 blk/s, 1 transactions, 2 tx/s, 0 Mgas, 0 Mgas/s
2017-02-24 12:18:47 UTC Configured for Hive using Ethash engine
2017-02-24 12:18:48 UTC Import completed in 0 seconds, 1 blocks, 2 blk/s, 1 transactions, 2 tx/s, 0 Mgas, 0 Mgas/s
2017-02-24 12:18:48 UTC Configured for Hive using Ethash engine
2017-02-24 12:18:48 UTC Import completed in 0 seconds, 1 blocks, 3 blk/s, 1 transactions, 3 tx/s, 0 Mgas, 0 Mgas/s
2017-02-24 12:18:48 UTC Configured for Hive using Ethash engine
2017-02-24 12:18:49 UTC Import completed in 0 seconds, 1 blocks, 2 blk/s, 1 transactions, 2 tx/s, 0 Mgas, 0 Mgas/s
2017-02-24 12:18:49 UTC Configured for Hive using Ethash engine
2017-02-24 12:18:49 UTC Reorg to #29 f8cf…0803 (0586…e376 8807…7c04 #26 cf63…6296 7d5e…a466 3af4…1fb9)
2017-02-24 12:18:49 UTC Import completed in 0 seconds, 1 blocks, 2 blk/s, 1 transactions, 2 tx/s, 0 Mgas, 0 Mgas/s
2017-02-24 12:18:50 UTC Configured for Hive using Ethash engine
2017-02-24 12:18:50 UTC Import completed in 0 seconds, 1 blocks, 2 blk/s, 1 transactions, 2 tx/s, 0 Mgas, 0 Mgas/s
2017-02-24 12:18:50 UTC Configured for Hive using Ethash engine
2017-02-24 12:18:51 UTC Import completed in 0 seconds, 1 blocks, 2 blk/s, 1 transactions, 2 tx/s, 0 Mgas, 0 Mgas/s
2017-02-24 12:18:51 UTC Configured for Hive using Ethash engine
2017-02-24 12:18:51 UTC Import completed in 0 seconds, 1 blocks, 2 blk/s, 1 transactions, 2 tx/s, 0 Mgas, 0 Mgas/s
checking for presence of keys...
keys found!!
checking for presence of config.toml...
checking for presence of config dir...
checking for presence of keys/config.toml..
keys/config.toml found!!
Running parity...
/parity  --nodiscover --chain /chain.json --keys-path /keys --config /keys/config.toml --usd-per-eth 1 --nat none --jsonrpc-interface all --jsonrpc-hosts all
Loading config file from /keys/config.toml
2017-02-24 12:18:52 UTC Starting Parity/v1.6.0-unstable-88b91b7-20170210/x86_64-linux-gnu/rustc1.15.1
2017-02-24 12:18:52 UTC State DB configuration: fast
2017-02-24 12:18:52 UTC Operating mode: active
2017-02-24 12:18:52 UTC Error initializing hardware wallets: Other error
2017-02-24 12:18:53 UTC Configured for Hive using Ethash engine
2017-02-24 12:18:53 UTC Public node URL: enode://be21f8b77146f3566fe9fcdeec2e1cfc3125a5c227fa4cbf1b7a6ff309185b36ba1392a0147a260e7ac935269781260181526631cd65567a148b1bb9c1c6ca4d@172.17.0.3:30303
