Initializing database with genesis state...
I0215 21:01:30.105164 cmd/utils/flags.go:615] WARNING: No etherbase set and no accounts found as default
I0215 21:01:30.105378 ethdb/database.go:83] Allotted 128MB cache and 1024 file handles to /root/.ethereum/geth/chaindata
I0215 21:01:30.128333 ethdb/database.go:176] closed db:/root/.ethereum/geth/chaindata
I0215 21:01:30.128417 ethdb/database.go:83] Allotted 128MB cache and 1024 file handles to /root/.ethereum/geth/chaindata
I0215 21:01:30.143847 cmd/geth/chaincmd.go:131] successfully wrote genesis block and/or chain rule set: f8f01382f5636d02edac7fff679a6feb7a572d37a395daaab77938feb6fe217f
Loading initial blockchain...
Loading remaining individual blocks...
I0215 21:01:30.184473 cmd/utils/flags.go:615] WARNING: No etherbase set and no accounts found as default
I0215 21:01:30.184578 ethdb/database.go:83] Allotted 128MB cache and 1024 file handles to /root/.ethereum/geth/chaindata
I0215 21:01:30.200589 ethdb/database.go:176] closed db:/root/.ethereum/geth/chaindata
I0215 21:01:30.200638 ethdb/database.go:83] Allotted 128MB cache and 1024 file handles to /root/.ethereum/geth/chaindata
I0215 21:01:30.227836 core/blockchain.go:219] Last header: #0 [f8f01382…] TD=131072
I0215 21:01:30.227855 core/blockchain.go:220] Last block: #0 [f8f01382…] TD=131072
I0215 21:01:30.227872 core/blockchain.go:221] Fast block: #0 [f8f01382…] TD=131072
I0215 21:01:30.227959 cmd/utils/cmd.go:132] Importing blockchain /blocks/0
I0215 21:01:31.085210 core/blockchain.go:1073] imported 1 blocks,     1 txs (  0.493 Mg) in 856.915ms ( 0.576 Mg/s). #1 [10aaf14a…]
Import done in 857.528539ms.

Compactions
 Level |   Tables   |    Size(MB)   |    Time(sec)  |    Read(MB)   |   Write(MB)
-------+------------+---------------+---------------+---------------+---------------
   0   |          1 |       0.00079 |       0.00000 |       0.00000 |       0.00000

Trie cache misses:  3
Trie cache unloads: 0

Object memory: 34.153 MB current, 33.972 MB peak
System memory: 73.600 MB current, 73.600 MB peak
Allocations:   0.018 million
GC pause:      427.816µs

Compacting entire database...
Compaction done in 41.312896ms.

Compactions
 Level |   Tables   |    Size(MB)   |    Time(sec)  |    Read(MB)   |   Write(MB)
-------+------------+---------------+---------------+---------------+---------------
   0   |          0 |       0.00000 |       0.02506 |       0.00000 |       0.00412
   1   |          1 |       0.00451 |       0.01199 |       0.00491 |       0.00451

I0215 21:01:31.127259 ethdb/database.go:176] closed db:/root/.ethereum/geth/chaindata
I0215 21:01:31.164938 cmd/utils/flags.go:615] WARNING: No etherbase set and no accounts found as default
I0215 21:01:31.165027 ethdb/database.go:83] Allotted 128MB cache and 1024 file handles to /root/.ethereum/geth/chaindata
I0215 21:01:31.169550 ethdb/database.go:176] closed db:/root/.ethereum/geth/chaindata
I0215 21:01:31.169650 ethdb/database.go:83] Allotted 128MB cache and 1024 file handles to /root/.ethereum/geth/chaindata
I0215 21:01:31.196379 core/blockchain.go:219] Last header: #1 [10aaf14a…] TD=262144
I0215 21:01:31.196432 core/blockchain.go:220] Last block: #1 [10aaf14a…] TD=262144
I0215 21:01:31.196546 core/blockchain.go:221] Fast block: #1 [10aaf14a…] TD=262144
I0215 21:01:31.196794 cmd/utils/cmd.go:132] Importing blockchain /blocks/1
I0215 21:01:32.050072 core/blockchain.go:1073] imported 1 blocks,     1 txs (  0.021 Mg) in 853.004ms ( 0.025 Mg/s). #2 [0e29f455…]
Import done in 853.705891ms.

Compactions
 Level |   Tables   |    Size(MB)   |    Time(sec)  |    Read(MB)   |   Write(MB)
-------+------------+---------------+---------------+---------------+---------------
   1   |          1 |       0.00451 |       0.00000 |       0.00000 |       0.00000

Trie cache misses:  6
Trie cache unloads: 0

Object memory: 34.185 MB current, 33.999 MB peak
System memory: 73.600 MB current, 73.600 MB peak
Allocations:   0.019 million
GC pause:      517.92µs

Compacting entire database...
Compaction done in 52.237518ms.

Compactions
 Level |   Tables   |    Size(MB)   |    Time(sec)  |    Read(MB)   |   Write(MB)
-------+------------+---------------+---------------+---------------+---------------
   0   |          0 |       0.00000 |       0.02877 |       0.00000 |       0.00165
   1   |          1 |       0.00585 |       0.01819 |       0.00616 |       0.00585

I0215 21:01:32.103269 ethdb/database.go:176] closed db:/root/.ethereum/geth/chaindata
I0215 21:01:32.141185 cmd/utils/flags.go:615] WARNING: No etherbase set and no accounts found as default
I0215 21:01:32.141266 ethdb/database.go:83] Allotted 128MB cache and 1024 file handles to /root/.ethereum/geth/chaindata
I0215 21:01:32.147250 ethdb/database.go:176] closed db:/root/.ethereum/geth/chaindata
I0215 21:01:32.147473 ethdb/database.go:83] Allotted 128MB cache and 1024 file handles to /root/.ethereum/geth/chaindata
I0215 21:01:32.174457 core/blockchain.go:219] Last header: #2 [0e29f455…] TD=393280
I0215 21:01:32.174476 core/blockchain.go:220] Last block: #2 [0e29f455…] TD=393280
I0215 21:01:32.174499 core/blockchain.go:221] Fast block: #2 [0e29f455…] TD=393280
I0215 21:01:32.174791 cmd/utils/cmd.go:132] Importing blockchain /blocks/2
I0215 21:01:33.050723 core/blockchain.go:1073] imported 1 blocks,     1 txs (  0.022 Mg) in 875.661ms ( 0.025 Mg/s). #3 [3d813a0f…]
Import done in 876.363667ms.

Compactions
 Level |   Tables   |    Size(MB)   |    Time(sec)  |    Read(MB)   |   Write(MB)
-------+------------+---------------+---------------+---------------+---------------
   1   |          1 |       0.00585 |       0.00000 |       0.00000 |       0.00000

Trie cache misses:  6
Trie cache unloads: 0

Object memory: 34.202 MB current, 33.992 MB peak
System memory: 73.600 MB current, 73.600 MB peak
Allocations:   0.019 million
GC pause:      984.94µs

Compacting entire database...
Compaction done in 50.856766ms.

Compactions
 Level |   Tables   |    Size(MB)   |    Time(sec)  |    Read(MB)   |   Write(MB)
-------+------------+---------------+---------------+---------------+---------------
   0   |          0 |       0.00000 |       0.02552 |       0.00000 |       0.00148
   1   |          1 |       0.00688 |       0.02105 |       0.00732 |       0.00688

I0215 21:01:33.102305 ethdb/database.go:176] closed db:/root/.ethereum/geth/chaindata
I0215 21:01:33.139436 cmd/utils/flags.go:615] WARNING: No etherbase set and no accounts found as default
I0215 21:01:33.139521 ethdb/database.go:83] Allotted 128MB cache and 1024 file handles to /root/.ethereum/geth/chaindata
I0215 21:01:33.144552 ethdb/database.go:176] closed db:/root/.ethereum/geth/chaindata
I0215 21:01:33.144645 ethdb/database.go:83] Allotted 128MB cache and 1024 file handles to /root/.ethereum/geth/chaindata
I0215 21:01:33.171121 core/blockchain.go:219] Last header: #3 [3d813a0f…] TD=524480
I0215 21:01:33.171169 core/blockchain.go:220] Last block: #3 [3d813a0f…] TD=524480
I0215 21:01:33.171217 core/blockchain.go:221] Fast block: #3 [3d813a0f…] TD=524480
I0215 21:01:33.171419 cmd/utils/cmd.go:132] Importing blockchain /blocks/3
I0215 21:01:34.067047 core/blockchain.go:1073] imported 1 blocks,     1 txs (  0.022 Mg) in 895.220ms ( 0.024 Mg/s). #4 [4e9a67b6…]
Import done in 896.045127ms.

Compactions
 Level |   Tables   |    Size(MB)   |    Time(sec)  |    Read(MB)   |   Write(MB)
-------+------------+---------------+---------------+---------------+---------------
   1   |          1 |       0.00688 |       0.00000 |       0.00000 |       0.00000

Trie cache misses:  6
Trie cache unloads: 0

Object memory: 34.249 MB current, 33.997 MB peak
System memory: 73.600 MB current, 73.600 MB peak
Allocations:   0.020 million
GC pause:      650.823µs

Compacting entire database...
Compaction done in 41.419901ms.

Compactions
 Level |   Tables   |    Size(MB)   |    Time(sec)  |    Read(MB)   |   Write(MB)
-------+------------+---------------+---------------+---------------+---------------
   0   |          0 |       0.00000 |       0.02546 |       0.00000 |       0.00229
   1   |          1 |       0.00860 |       0.01178 |       0.00918 |       0.00860

I0215 21:01:34.109229 ethdb/database.go:176] closed db:/root/.ethereum/geth/chaindata
I0215 21:01:34.148776 cmd/utils/flags.go:615] WARNING: No etherbase set and no accounts found as default
I0215 21:01:34.148876 ethdb/database.go:83] Allotted 128MB cache and 1024 file handles to /root/.ethereum/geth/chaindata
I0215 21:01:34.154930 ethdb/database.go:176] closed db:/root/.ethereum/geth/chaindata
I0215 21:01:34.155038 ethdb/database.go:83] Allotted 128MB cache and 1024 file handles to /root/.ethereum/geth/chaindata
I0215 21:01:34.184816 core/blockchain.go:219] Last header: #4 [4e9a67b6…] TD=655744
I0215 21:01:34.184876 core/blockchain.go:220] Last block: #4 [4e9a67b6…] TD=655744
I0215 21:01:34.184985 core/blockchain.go:221] Fast block: #4 [4e9a67b6…] TD=655744
I0215 21:01:34.185159 cmd/utils/cmd.go:132] Importing blockchain /blocks/4
I0215 21:01:35.049800 core/blockchain.go:1073] imported 1 blocks,     1 txs (  0.022 Mg) in 864.247ms ( 0.025 Mg/s). #5 [609427cc…]
Import done in 865.128732ms.

Compactions
 Level |   Tables   |    Size(MB)   |    Time(sec)  |    Read(MB)   |   Write(MB)
-------+------------+---------------+---------------+---------------+---------------
   1   |          1 |       0.00860 |       0.00000 |       0.00000 |       0.00000

Trie cache misses:  6
Trie cache unloads: 0

Object memory: 34.256 MB current, 34.012 MB peak
System memory: 73.600 MB current, 73.600 MB peak
Allocations:   0.020 million
GC pause:      3.949754ms

Compacting entire database...
Compaction done in 43.062964ms.

Compactions
 Level |   Tables   |    Size(MB)   |    Time(sec)  |    Read(MB)   |   Write(MB)
-------+------------+---------------+---------------+---------------+---------------
   0   |          0 |       0.00000 |       0.02552 |       0.00000 |       0.00167
   1   |          1 |       0.00975 |       0.01378 |       0.01027 |       0.00975

I0215 21:01:35.093731 ethdb/database.go:176] closed db:/root/.ethereum/geth/chaindata
I0215 21:01:35.133031 cmd/utils/flags.go:615] WARNING: No etherbase set and no accounts found as default
I0215 21:01:35.133121 ethdb/database.go:83] Allotted 128MB cache and 1024 file handles to /root/.ethereum/geth/chaindata
I0215 21:01:35.139022 ethdb/database.go:176] closed db:/root/.ethereum/geth/chaindata
I0215 21:01:35.139133 ethdb/database.go:83] Allotted 128MB cache and 1024 file handles to /root/.ethereum/geth/chaindata
I0215 21:01:35.156031 core/blockchain.go:219] Last header: #5 [609427cc…] TD=787072
I0215 21:01:35.156073 core/blockchain.go:220] Last block: #5 [609427cc…] TD=787072
I0215 21:01:35.156088 core/blockchain.go:221] Fast block: #5 [609427cc…] TD=787072
I0215 21:01:35.156253 cmd/utils/cmd.go:132] Importing blockchain /blocks/5
I0215 21:01:36.066489 core/blockchain.go:1073] imported 1 blocks,     1 txs (  0.022 Mg) in 909.953ms ( 0.024 Mg/s). #6 [666c5e63…]
Import done in 910.62999ms.

Compactions
 Level |   Tables   |    Size(MB)   |    Time(sec)  |    Read(MB)   |   Write(MB)
-------+------------+---------------+---------------+---------------+---------------
   1   |          1 |       0.00975 |       0.00000 |       0.00000 |       0.00000

Trie cache misses:  6
Trie cache unloads: 0

Object memory: 66.293 MB current, 66.050 MB peak
System memory: 106.631 MB current, 106.631 MB peak
Allocations:   0.020 million
GC pause:      631.825µs

Compacting entire database...
Compaction done in 41.3933ms.

Compactions
 Level |   Tables   |    Size(MB)   |    Time(sec)  |    Read(MB)   |   Write(MB)
-------+------------+---------------+---------------+---------------+---------------
   0   |          0 |       0.00000 |       0.01827 |       0.00000 |       0.00173
   1   |          1 |       0.01187 |       0.01161 |       0.01149 |       0.01187

I0215 21:01:36.108684 ethdb/database.go:176] closed db:/root/.ethereum/geth/chaindata
I0215 21:01:36.149023 cmd/utils/flags.go:615] WARNING: No etherbase set and no accounts found as default
I0215 21:01:36.149133 ethdb/database.go:83] Allotted 128MB cache and 1024 file handles to /root/.ethereum/geth/chaindata
I0215 21:01:36.154538 ethdb/database.go:176] closed db:/root/.ethereum/geth/chaindata
I0215 21:01:36.154610 ethdb/database.go:83] Allotted 128MB cache and 1024 file handles to /root/.ethereum/geth/chaindata
I0215 21:01:36.181203 core/blockchain.go:219] Last header: #6 [666c5e63…] TD=918464
I0215 21:01:36.181227 core/blockchain.go:220] Last block: #6 [666c5e63…] TD=918464
I0215 21:01:36.181233 core/blockchain.go:221] Fast block: #6 [666c5e63…] TD=918464
I0215 21:01:36.181659 cmd/utils/cmd.go:132] Importing blockchain /blocks/6
I0215 21:01:37.072653 core/blockchain.go:1073] imported 1 blocks,     1 txs (  0.022 Mg) in 890.589ms ( 0.024 Mg/s). #7 [4997e4f3…]
Import done in 891.352045ms.

Compactions
 Level |   Tables   |    Size(MB)   |    Time(sec)  |    Read(MB)   |   Write(MB)
-------+------------+---------------+---------------+---------------+---------------
   1   |          1 |       0.01187 |       0.00000 |       0.00000 |       0.00000

Trie cache misses:  6
Trie cache unloads: 0

Object memory: 34.250 MB current, 34.003 MB peak
System memory: 73.600 MB current, 73.600 MB peak
Allocations:   0.020 million
GC pause:      4.868988ms

Compacting entire database...
Compaction done in 35.863386ms.

Compactions
 Level |   Tables   |    Size(MB)   |    Time(sec)  |    Read(MB)   |   Write(MB)
-------+------------+---------------+---------------+---------------+---------------
   0   |          0 |       0.00000 |       0.01955 |       0.00000 |       0.00167
   1   |          1 |       0.01330 |       0.01206 |       0.01354 |       0.01330

I0215 21:01:37.109028 ethdb/database.go:176] closed db:/root/.ethereum/geth/chaindata
I0215 21:01:37.150686 cmd/utils/flags.go:615] WARNING: No etherbase set and no accounts found as default
I0215 21:01:37.150784 ethdb/database.go:83] Allotted 128MB cache and 1024 file handles to /root/.ethereum/geth/chaindata
I0215 21:01:37.155305 ethdb/database.go:176] closed db:/root/.ethereum/geth/chaindata
I0215 21:01:37.155407 ethdb/database.go:83] Allotted 128MB cache and 1024 file handles to /root/.ethereum/geth/chaindata
I0215 21:01:37.183303 core/blockchain.go:219] Last header: #7 [4997e4f3…] TD=1049920
I0215 21:01:37.183327 core/blockchain.go:220] Last block: #7 [4997e4f3…] TD=1049920
I0215 21:01:37.183333 core/blockchain.go:221] Fast block: #7 [4997e4f3…] TD=1049920
I0215 21:01:37.183557 cmd/utils/cmd.go:132] Importing blockchain /blocks/7
I0215 21:01:38.035877 core/blockchain.go:1073] imported 1 blocks,     1 txs (  0.022 Mg) in 851.992ms ( 0.025 Mg/s). #8 [45f61118…]
Import done in 852.711653ms.

Compactions
 Level |   Tables   |    Size(MB)   |    Time(sec)  |    Read(MB)   |   Write(MB)
-------+------------+---------------+---------------+---------------+---------------
   1   |          1 |       0.01330 |       0.00000 |       0.00000 |       0.00000

Trie cache misses:  6
Trie cache unloads: 0

Object memory: 34.256 MB current, 34.008 MB peak
System memory: 73.600 MB current, 73.600 MB peak
Allocations:   0.020 million
GC pause:      2.865511ms

Compacting entire database...
Compaction done in 41.130589ms.

Compactions
 Level |   Tables   |    Size(MB)   |    Time(sec)  |    Read(MB)   |   Write(MB)
-------+------------+---------------+---------------+---------------+---------------
   0   |          0 |       0.00000 |       0.02444 |       0.00000 |       0.00174
   1   |          1 |       0.01430 |       0.01260 |       0.01503 |       0.01430

I0215 21:01:38.077890 ethdb/database.go:176] closed db:/root/.ethereum/geth/chaindata
I0215 21:01:38.116016 cmd/utils/flags.go:615] WARNING: No etherbase set and no accounts found as default
I0215 21:01:38.116100 ethdb/database.go:83] Allotted 128MB cache and 1024 file handles to /root/.ethereum/geth/chaindata
I0215 21:01:38.120690 ethdb/database.go:176] closed db:/root/.ethereum/geth/chaindata
I0215 21:01:38.120764 ethdb/database.go:83] Allotted 128MB cache and 1024 file handles to /root/.ethereum/geth/chaindata
I0215 21:01:38.147388 core/blockchain.go:219] Last header: #8 [45f61118…] TD=1181440
I0215 21:01:38.147447 core/blockchain.go:220] Last block: #8 [45f61118…] TD=1181440
I0215 21:01:38.147482 core/blockchain.go:221] Fast block: #8 [45f61118…] TD=1181440
I0215 21:01:38.147638 cmd/utils/cmd.go:132] Importing blockchain /blocks/8
I0215 21:01:39.050981 core/blockchain.go:1073] imported 1 blocks,     1 txs (  0.042 Mg) in 903.073ms ( 0.046 Mg/s). #9 [0362d0ee…]
Import done in 903.605419ms.

Compactions
 Level |   Tables   |    Size(MB)   |    Time(sec)  |    Read(MB)   |   Write(MB)
-------+------------+---------------+---------------+---------------+---------------
   1   |          1 |       0.01430 |       0.00000 |       0.00000 |       0.00000

Trie cache misses:  6
Trie cache unloads: 0

Object memory: 34.252 MB current, 34.002 MB peak
System memory: 73.600 MB current, 73.600 MB peak
Allocations:   0.020 million
GC pause:      554.421µs

Compacting entire database...
Compaction done in 54.667512ms.

Compactions
 Level |   Tables   |    Size(MB)   |    Time(sec)  |    Read(MB)   |   Write(MB)
-------+------------+---------------+---------------+---------------+---------------
   0   |          0 |       0.00000 |       0.03000 |       0.00000 |       0.00194
   1   |          1 |       0.01621 |       0.01596 |       0.01625 |       0.01621

I0215 21:01:39.106436 ethdb/database.go:176] closed db:/root/.ethereum/geth/chaindata
I0215 21:01:39.149216 cmd/utils/flags.go:615] WARNING: No etherbase set and no accounts found as default
I0215 21:01:39.149306 ethdb/database.go:83] Allotted 128MB cache and 1024 file handles to /root/.ethereum/geth/chaindata
I0215 21:01:39.155284 ethdb/database.go:176] closed db:/root/.ethereum/geth/chaindata
I0215 21:01:39.155460 ethdb/database.go:83] Allotted 128MB cache and 1024 file handles to /root/.ethereum/geth/chaindata
I0215 21:01:39.181139 core/blockchain.go:219] Last header: #9 [0362d0ee…] TD=1313024
I0215 21:01:39.181290 core/blockchain.go:220] Last block: #9 [0362d0ee…] TD=1313024
I0215 21:01:39.181341 core/blockchain.go:221] Fast block: #9 [0362d0ee…] TD=1313024
I0215 21:01:39.181563 cmd/utils/cmd.go:132] Importing blockchain /blocks/9
I0215 21:01:40.058100 core/blockchain.go:1073] imported 1 blocks,     1 txs (  0.027 Mg) in 876.226ms ( 0.030 Mg/s). #10 [c37f28ec…]
Import done in 876.829085ms.

Compactions
 Level |   Tables   |    Size(MB)   |    Time(sec)  |    Read(MB)   |   Write(MB)
-------+------------+---------------+---------------+---------------+---------------
   1   |          1 |       0.01621 |       0.00000 |       0.00000 |       0.00000

Trie cache misses:  7
Trie cache unloads: 1

Object memory: 34.269 MB current, 34.013 MB peak
System memory: 73.600 MB current, 73.600 MB peak
Allocations:   0.020 million
GC pause:      1.055939ms

Compacting entire database...
Compaction done in 48.167661ms.

Compactions
 Level |   Tables   |    Size(MB)   |    Time(sec)  |    Read(MB)   |   Write(MB)
-------+------------+---------------+---------------+---------------+---------------
   0   |          0 |       0.00000 |       0.02458 |       0.00000 |       0.00180
   1   |          1 |       0.01674 |       0.01941 |       0.01801 |       0.01674

I0215 21:01:40.106906 ethdb/database.go:176] closed db:/root/.ethereum/geth/chaindata
I0215 21:01:40.150042 cmd/utils/flags.go:615] WARNING: No etherbase set and no accounts found as default
I0215 21:01:40.150139 ethdb/database.go:83] Allotted 128MB cache and 1024 file handles to /root/.ethereum/geth/chaindata
I0215 21:01:40.155080 ethdb/database.go:176] closed db:/root/.ethereum/geth/chaindata
I0215 21:01:40.155165 ethdb/database.go:83] Allotted 128MB cache and 1024 file handles to /root/.ethereum/geth/chaindata
I0215 21:01:40.182049 core/blockchain.go:219] Last header: #10 [c37f28ec…] TD=1444672
I0215 21:01:40.182213 core/blockchain.go:220] Last block: #10 [c37f28ec…] TD=1444672
I0215 21:01:40.182268 core/blockchain.go:221] Fast block: #10 [c37f28ec…] TD=1444672
I0215 21:01:40.183301 cmd/utils/cmd.go:132] Importing blockchain /blocks/10
I0215 21:01:41.089659 core/blockchain.go:1073] imported 1 blocks,     1 txs (  0.029 Mg) in 905.975ms ( 0.032 Mg/s). #11 [595973e2…]
Import done in 907.882185ms.

Compactions
 Level |   Tables   |    Size(MB)   |    Time(sec)  |    Read(MB)   |   Write(MB)
-------+------------+---------------+---------------+---------------+---------------
   1   |          1 |       0.01674 |       0.00000 |       0.00000 |       0.00000

Trie cache misses:  7
Trie cache unloads: 0

Object memory: 34.278 MB current, 34.003 MB peak
System memory: 73.600 MB current, 73.600 MB peak
Allocations:   0.020 million
GC pause:      695.429µs

Compacting entire database...
Compaction done in 57.759032ms.

Compactions
 Level |   Tables   |    Size(MB)   |    Time(sec)  |    Read(MB)   |   Write(MB)
-------+------------+---------------+---------------+---------------+---------------
   0   |          0 |       0.00000 |       0.02860 |       0.00000 |       0.00190
   1   |          1 |       0.01845 |       0.02530 |       0.01864 |       0.01845

I0215 21:01:41.148535 ethdb/database.go:176] closed db:/root/.ethereum/geth/chaindata
I0215 21:01:41.186549 cmd/utils/flags.go:615] WARNING: No etherbase set and no accounts found as default
I0215 21:01:41.186675 ethdb/database.go:83] Allotted 128MB cache and 1024 file handles to /root/.ethereum/geth/chaindata
I0215 21:01:41.191592 ethdb/database.go:176] closed db:/root/.ethereum/geth/chaindata
I0215 21:01:41.191688 ethdb/database.go:83] Allotted 128MB cache and 1024 file handles to /root/.ethereum/geth/chaindata
I0215 21:01:41.219925 core/blockchain.go:219] Last header: #11 [595973e2…] TD=1576384
I0215 21:01:41.219946 core/blockchain.go:220] Last block: #11 [595973e2…] TD=1576384
I0215 21:01:41.219952 core/blockchain.go:221] Fast block: #11 [595973e2…] TD=1576384
I0215 21:01:41.220302 cmd/utils/cmd.go:132] Importing blockchain /blocks/11
I0215 21:01:42.065852 core/blockchain.go:1073] imported 1 blocks,     1 txs (  0.027 Mg) in 845.172ms ( 0.032 Mg/s). #12 [2c18d097…]
Import done in 846.065096ms.

Compactions
 Level |   Tables   |    Size(MB)   |    Time(sec)  |    Read(MB)   |   Write(MB)
-------+------------+---------------+---------------+---------------+---------------
   1   |          1 |       0.01845 |       0.00000 |       0.00000 |       0.00000

Trie cache misses:  7
Trie cache unloads: 0

Object memory: 34.263 MB current, 33.997 MB peak
System memory: 73.600 MB current, 73.600 MB peak
Allocations:   0.020 million
GC pause:      7.862903ms

Compacting entire database...
Compaction done in 47.214225ms.

Compactions
 Level |   Tables   |    Size(MB)   |    Time(sec)  |    Read(MB)   |   Write(MB)
-------+------------+---------------+---------------+---------------+---------------
   0   |          0 |       0.00000 |       0.02939 |       0.00000 |       0.00180
   1   |          1 |       0.01957 |       0.01422 |       0.02025 |       0.01957

I0215 21:01:42.113765 ethdb/database.go:176] closed db:/root/.ethereum/geth/chaindata
I0215 21:01:42.153073 cmd/utils/flags.go:615] WARNING: No etherbase set and no accounts found as default
I0215 21:01:42.153197 ethdb/database.go:83] Allotted 128MB cache and 1024 file handles to /root/.ethereum/geth/chaindata
I0215 21:01:42.157932 ethdb/database.go:176] closed db:/root/.ethereum/geth/chaindata
I0215 21:01:42.158021 ethdb/database.go:83] Allotted 128MB cache and 1024 file handles to /root/.ethereum/geth/chaindata
I0215 21:01:42.185489 core/blockchain.go:219] Last header: #12 [2c18d097…] TD=1708160
I0215 21:01:42.185535 core/blockchain.go:220] Last block: #12 [2c18d097…] TD=1708160
I0215 21:01:42.185550 core/blockchain.go:221] Fast block: #12 [2c18d097…] TD=1708160
I0215 21:01:42.185705 cmd/utils/cmd.go:132] Importing blockchain /blocks/12
I0215 21:01:43.042251 core/blockchain.go:1073] imported 1 blocks,     1 txs (  0.044 Mg) in 856.254ms ( 0.051 Mg/s). #13 [c3b22a28…]
Import done in 856.900214ms.

Compactions
 Level |   Tables   |    Size(MB)   |    Time(sec)  |    Read(MB)   |   Write(MB)
-------+------------+---------------+---------------+---------------+---------------
   1   |          1 |       0.01957 |       0.00000 |       0.00000 |       0.00000

Trie cache misses:  7
Trie cache unloads: 0

Object memory: 34.279 MB current, 34.008 MB peak
System memory: 73.600 MB current, 73.600 MB peak
Allocations:   0.020 million
GC pause:      7.067174ms

Compacting entire database...
Compaction done in 49.94773ms.

Compactions
 Level |   Tables   |    Size(MB)   |    Time(sec)  |    Read(MB)   |   Write(MB)
-------+------------+---------------+---------------+---------------+---------------
   0   |          0 |       0.00000 |       0.02871 |       0.00000 |       0.00195
   1   |          1 |       0.02105 |       0.01279 |       0.02152 |       0.02105

I0215 21:01:43.092992 ethdb/database.go:176] closed db:/root/.ethereum/geth/chaindata
I0215 21:01:43.129461 cmd/utils/flags.go:615] WARNING: No etherbase set and no accounts found as default
I0215 21:01:43.129577 ethdb/database.go:83] Allotted 128MB cache and 1024 file handles to /root/.ethereum/geth/chaindata
I0215 21:01:43.134101 ethdb/database.go:176] closed db:/root/.ethereum/geth/chaindata
I0215 21:01:43.134164 ethdb/database.go:83] Allotted 128MB cache and 1024 file handles to /root/.ethereum/geth/chaindata
I0215 21:01:43.161363 core/blockchain.go:219] Last header: #13 [c3b22a28…] TD=1840000
I0215 21:01:43.161382 core/blockchain.go:220] Last block: #13 [c3b22a28…] TD=1840000
I0215 21:01:43.161398 core/blockchain.go:221] Fast block: #13 [c3b22a28…] TD=1840000
I0215 21:01:43.161590 cmd/utils/cmd.go:132] Importing blockchain /blocks/13
I0215 21:01:44.020179 core/blockchain.go:1073] imported 1 blocks,     1 txs (  0.044 Mg) in 858.339ms ( 0.051 Mg/s). #14 [dc0db819…]
Import done in 858.835789ms.

Compactions
 Level |   Tables   |    Size(MB)   |    Time(sec)  |    Read(MB)   |   Write(MB)
-------+------------+---------------+---------------+---------------+---------------
   1   |          1 |       0.02105 |       0.00000 |       0.00000 |       0.00000

Trie cache misses:  7
Trie cache unloads: 0

Object memory: 34.280 MB current, 34.004 MB peak
System memory: 73.600 MB current, 73.600 MB peak
Allocations:   0.020 million
GC pause:      1.527057ms

Compacting entire database...
Compaction done in 45.430356ms.

Compactions
 Level |   Tables   |    Size(MB)   |    Time(sec)  |    Read(MB)   |   Write(MB)
-------+------------+---------------+---------------+---------------+---------------
   0   |          0 |       0.00000 |       0.02850 |       0.00000 |       0.00214
   1   |          1 |       0.02280 |       0.01284 |       0.02320 |       0.02280

I0215 21:01:44.066206 ethdb/database.go:176] closed db:/root/.ethereum/geth/chaindata
I0215 21:01:44.104082 cmd/utils/flags.go:615] WARNING: No etherbase set and no accounts found as default
I0215 21:01:44.104229 ethdb/database.go:83] Allotted 128MB cache and 1024 file handles to /root/.ethereum/geth/chaindata
I0215 21:01:44.109191 ethdb/database.go:176] closed db:/root/.ethereum/geth/chaindata
I0215 21:01:44.109253 ethdb/database.go:83] Allotted 128MB cache and 1024 file handles to /root/.ethereum/geth/chaindata
I0215 21:01:44.135252 core/blockchain.go:219] Last header: #14 [dc0db819…] TD=1971904
I0215 21:01:44.135299 core/blockchain.go:220] Last block: #14 [dc0db819…] TD=1971904
I0215 21:01:44.135326 core/blockchain.go:221] Fast block: #14 [dc0db819…] TD=1971904
I0215 21:01:44.135571 cmd/utils/cmd.go:132] Importing blockchain /blocks/14
I0215 21:01:44.999212 core/blockchain.go:1073] imported 1 blocks,     1 txs (  0.044 Mg) in 863.221ms ( 0.051 Mg/s). #15 [9dcd5e20…]
Import done in 864.114593ms.

Compactions
 Level |   Tables   |    Size(MB)   |    Time(sec)  |    Read(MB)   |   Write(MB)
-------+------------+---------------+---------------+---------------+---------------
   1   |          1 |       0.02280 |       0.00000 |       0.00000 |       0.00000

Trie cache misses:  7
Trie cache unloads: 0

Object memory: 34.285 MB current, 34.005 MB peak
System memory: 73.600 MB current, 73.600 MB peak
Allocations:   0.020 million
GC pause:      823.933µs

Compacting entire database...
Compaction done in 48.168162ms.

Compactions
 Level |   Tables   |    Size(MB)   |    Time(sec)  |    Read(MB)   |   Write(MB)
-------+------------+---------------+---------------+---------------+---------------
   0   |          0 |       0.00000 |       0.02638 |       0.00000 |       0.00215
   1   |          1 |       0.02436 |       0.01763 |       0.02495 |       0.02436

I0215 21:01:45.048184 ethdb/database.go:176] closed db:/root/.ethereum/geth/chaindata
I0215 21:01:45.088118 cmd/utils/flags.go:615] WARNING: No etherbase set and no accounts found as default
I0215 21:01:45.088363 ethdb/database.go:83] Allotted 128MB cache and 1024 file handles to /root/.ethereum/geth/chaindata
I0215 21:01:45.094376 ethdb/database.go:176] closed db:/root/.ethereum/geth/chaindata
I0215 21:01:45.094473 ethdb/database.go:83] Allotted 128MB cache and 1024 file handles to /root/.ethereum/geth/chaindata
I0215 21:01:45.122576 core/blockchain.go:219] Last header: #15 [9dcd5e20…] TD=2103872
I0215 21:01:45.122598 core/blockchain.go:220] Last block: #15 [9dcd5e20…] TD=2103872
I0215 21:01:45.122604 core/blockchain.go:221] Fast block: #15 [9dcd5e20…] TD=2103872
I0215 21:01:45.122790 cmd/utils/cmd.go:132] Importing blockchain /blocks/15
I0215 21:01:45.974234 core/blockchain.go:1073] imported 1 blocks,     1 txs (  0.044 Mg) in 850.902ms ( 0.052 Mg/s). #16 [1878c6f2…]
Import done in 851.820017ms.

Compactions
 Level |   Tables   |    Size(MB)   |    Time(sec)  |    Read(MB)   |   Write(MB)
-------+------------+---------------+---------------+---------------+---------------
   1   |          1 |       0.02436 |       0.00000 |       0.00000 |       0.00000

Trie cache misses:  7
Trie cache unloads: 0

Object memory: 34.290 MB current, 34.014 MB peak
System memory: 73.600 MB current, 73.600 MB peak
Allocations:   0.020 million
GC pause:      1.184245ms

Compacting entire database...
Compaction done in 53.410164ms.

Compactions
 Level |   Tables   |    Size(MB)   |    Time(sec)  |    Read(MB)   |   Write(MB)
-------+------------+---------------+---------------+---------------+---------------
   0   |          0 |       0.00000 |       0.03151 |       0.00000 |       0.00202
   1   |          1 |       0.02586 |       0.01778 |       0.02638 |       0.02586

I0215 21:01:46.028562 ethdb/database.go:176] closed db:/root/.ethereum/geth/chaindata
I0215 21:01:46.066315 cmd/utils/flags.go:615] WARNING: No etherbase set and no accounts found as default
I0215 21:01:46.066554 ethdb/database.go:83] Allotted 128MB cache and 1024 file handles to /root/.ethereum/geth/chaindata
I0215 21:01:46.072712 ethdb/database.go:176] closed db:/root/.ethereum/geth/chaindata
I0215 21:01:46.072760 ethdb/database.go:83] Allotted 128MB cache and 1024 file handles to /root/.ethereum/geth/chaindata
I0215 21:01:46.088110 core/blockchain.go:219] Last header: #16 [1878c6f2…] TD=2235904
I0215 21:01:46.088131 core/blockchain.go:220] Last block: #16 [1878c6f2…] TD=2235904
I0215 21:01:46.088137 core/blockchain.go:221] Fast block: #16 [1878c6f2…] TD=2235904
I0215 21:01:46.088288 cmd/utils/cmd.go:132] Importing blockchain /blocks/16
I0215 21:01:46.957803 core/blockchain.go:1073] imported 1 blocks,     1 txs (  0.022 Mg) in 869.244ms ( 0.025 Mg/s). #17 [fa2ccd3c…]
Import done in 869.97512ms.

Compactions
 Level |   Tables   |    Size(MB)   |    Time(sec)  |    Read(MB)   |   Write(MB)
-------+------------+---------------+---------------+---------------+---------------
   1   |          1 |       0.02586 |       0.00000 |       0.00000 |       0.00000

Trie cache misses:  8
Trie cache unloads: 1

Object memory: 66.337 MB current, 66.081 MB peak
System memory: 106.631 MB current, 106.631 MB peak
Allocations:   0.020 million
GC pause:      699.025µs

Compacting entire database...
Compaction done in 46.931214ms.

Compactions
 Level |   Tables   |    Size(MB)   |    Time(sec)  |    Read(MB)   |   Write(MB)
-------+------------+---------------+---------------+---------------+---------------
   0   |          0 |       0.00000 |       0.01829 |       0.00000 |       0.00170
   1   |          1 |       0.02717 |       0.01630 |       0.02756 |       0.02717

I0215 21:01:47.005597 ethdb/database.go:176] closed db:/root/.ethereum/geth/chaindata
I0215 21:01:47.042501 cmd/utils/flags.go:615] WARNING: No etherbase set and no accounts found as default
I0215 21:01:47.042583 ethdb/database.go:83] Allotted 128MB cache and 1024 file handles to /root/.ethereum/geth/chaindata
I0215 21:01:47.048557 ethdb/database.go:176] closed db:/root/.ethereum/geth/chaindata
I0215 21:01:47.048713 ethdb/database.go:83] Allotted 128MB cache and 1024 file handles to /root/.ethereum/geth/chaindata
I0215 21:01:47.073731 core/blockchain.go:219] Last header: #17 [fa2ccd3c…] TD=2368000
I0215 21:01:47.073806 core/blockchain.go:220] Last block: #17 [fa2ccd3c…] TD=2368000
I0215 21:01:47.073875 core/blockchain.go:221] Fast block: #17 [fa2ccd3c…] TD=2368000
I0215 21:01:47.074274 cmd/utils/cmd.go:132] Importing blockchain /blocks/17
I0215 21:01:47.956818 core/blockchain.go:1073] imported 1 blocks,     1 txs (  0.022 Mg) in 882.222ms ( 0.024 Mg/s). #18 [16dd36d0…]
Import done in 883.050725ms.

Compactions
 Level |   Tables   |    Size(MB)   |    Time(sec)  |    Read(MB)   |   Write(MB)
-------+------------+---------------+---------------+---------------+---------------
   1   |          1 |       0.02717 |       0.00000 |       0.00000 |       0.00000

Trie cache misses:  8
Trie cache unloads: 1

Object memory: 34.292 MB current, 34.021 MB peak
System memory: 73.600 MB current, 73.600 MB peak
Allocations:   0.020 million
GC pause:      919.336µs

Compacting entire database...
Compaction done in 48.016455ms.

Compactions
 Level |   Tables   |    Size(MB)   |    Time(sec)  |    Read(MB)   |   Write(MB)
-------+------------+---------------+---------------+---------------+---------------
   0   |          0 |       0.00000 |       0.02667 |       0.00000 |       0.00168
   1   |          1 |       0.02830 |       0.01737 |       0.02885 |       0.02830

I0215 21:01:48.005656 ethdb/database.go:176] closed db:/root/.ethereum/geth/chaindata
I0215 21:01:48.043404 cmd/utils/flags.go:615] WARNING: No etherbase set and no accounts found as default
I0215 21:01:48.043548 ethdb/database.go:83] Allotted 128MB cache and 1024 file handles to /root/.ethereum/geth/chaindata
I0215 21:01:48.048051 ethdb/database.go:176] closed db:/root/.ethereum/geth/chaindata
I0215 21:01:48.048135 ethdb/database.go:83] Allotted 128MB cache and 1024 file handles to /root/.ethereum/geth/chaindata
I0215 21:01:48.074371 core/blockchain.go:219] Last header: #18 [16dd36d0…] TD=2500160
I0215 21:01:48.074416 core/blockchain.go:220] Last block: #18 [16dd36d0…] TD=2500160
I0215 21:01:48.074541 core/blockchain.go:221] Fast block: #18 [16dd36d0…] TD=2500160
I0215 21:01:48.074756 cmd/utils/cmd.go:132] Importing blockchain /blocks/18
I0215 21:01:48.980529 core/blockchain.go:1073] imported 1 blocks,     1 txs (  0.022 Mg) in 905.464ms ( 0.024 Mg/s). #19 [432cb1a2…]
Import done in 906.121016ms.

Compactions
 Level |   Tables   |    Size(MB)   |    Time(sec)  |    Read(MB)   |   Write(MB)
-------+------------+---------------+---------------+---------------+---------------
   1   |          1 |       0.02830 |       0.00000 |       0.00000 |       0.00000

Trie cache misses:  8
Trie cache unloads: 1

Object memory: 34.296 MB current, 34.016 MB peak
System memory: 73.600 MB current, 73.600 MB peak
Allocations:   0.020 million
GC pause:      523.52µs

Compacting entire database...
Compaction done in 45.156345ms.

Compactions
 Level |   Tables   |    Size(MB)   |    Time(sec)  |    Read(MB)   |   Write(MB)
-------+------------+---------------+---------------+---------------+---------------
   0   |          0 |       0.00000 |       0.02606 |       0.00000 |       0.00170
   1   |          1 |       0.02930 |       0.01531 |       0.03000 |       0.02930

I0215 21:01:49.026534 ethdb/database.go:176] closed db:/root/.ethereum/geth/chaindata
I0215 21:01:49.064417 cmd/utils/flags.go:615] WARNING: No etherbase set and no accounts found as default
I0215 21:01:49.064512 ethdb/database.go:83] Allotted 128MB cache and 1024 file handles to /root/.ethereum/geth/chaindata
I0215 21:01:49.069219 ethdb/database.go:176] closed db:/root/.ethereum/geth/chaindata
I0215 21:01:49.069305 ethdb/database.go:83] Allotted 128MB cache and 1024 file handles to /root/.ethereum/geth/chaindata
I0215 21:01:49.097029 core/blockchain.go:219] Last header: #19 [432cb1a2…] TD=2632384
I0215 21:01:49.097088 core/blockchain.go:220] Last block: #19 [432cb1a2…] TD=2632384
I0215 21:01:49.097118 core/blockchain.go:221] Fast block: #19 [432cb1a2…] TD=2632384
I0215 21:01:49.097476 cmd/utils/cmd.go:132] Importing blockchain /blocks/19
I0215 21:01:50.022121 core/blockchain.go:1073] imported 1 blocks,     1 txs (  0.022 Mg) in 924.354ms ( 0.023 Mg/s). #20 [66408812…]
Import done in 924.936243ms.

Compactions
 Level |   Tables   |    Size(MB)   |    Time(sec)  |    Read(MB)   |   Write(MB)
-------+------------+---------------+---------------+---------------+---------------
   1   |          1 |       0.02930 |       0.00000 |       0.00000 |       0.00000

Trie cache misses:  8
Trie cache unloads: 1

Object memory: 34.272 MB current, 34.015 MB peak
System memory: 73.600 MB current, 73.600 MB peak
Allocations:   0.020 million
GC pause:      820.734µs

Compacting entire database...
Compaction done in 54.932022ms.

Compactions
 Level |   Tables   |    Size(MB)   |    Time(sec)  |    Read(MB)   |   Write(MB)
-------+------------+---------------+---------------+---------------+---------------
   0   |          0 |       0.00000 |       0.03109 |       0.00000 |       0.00167
   1   |          1 |       0.03065 |       0.01940 |       0.03098 |       0.03065

I0215 21:01:50.078028 ethdb/database.go:176] closed db:/root/.ethereum/geth/chaindata
I0215 21:01:50.117177 cmd/utils/flags.go:615] WARNING: No etherbase set and no accounts found as default
I0215 21:01:50.117277 ethdb/database.go:83] Allotted 128MB cache and 1024 file handles to /root/.ethereum/geth/chaindata
I0215 21:01:50.122144 ethdb/database.go:176] closed db:/root/.ethereum/geth/chaindata
I0215 21:01:50.122252 ethdb/database.go:83] Allotted 128MB cache and 1024 file handles to /root/.ethereum/geth/chaindata
I0215 21:01:50.155942 core/blockchain.go:219] Last header: #20 [66408812…] TD=2764672
I0215 21:01:50.155965 core/blockchain.go:220] Last block: #20 [66408812…] TD=2764672
I0215 21:01:50.155982 core/blockchain.go:221] Fast block: #20 [66408812…] TD=2764672
I0215 21:01:50.156119 cmd/utils/cmd.go:132] Importing blockchain /blocks/20
I0215 21:01:51.064155 core/blockchain.go:1073] imported 1 blocks,     1 txs (  0.022 Mg) in 907.595ms ( 0.024 Mg/s). #21 [bfbcc1d0…]
Import done in 908.3168ms.

Compactions
 Level |   Tables   |    Size(MB)   |    Time(sec)  |    Read(MB)   |   Write(MB)
-------+------------+---------------+---------------+---------------+---------------
   1   |          1 |       0.03065 |       0.00000 |       0.00000 |       0.00000

Trie cache misses:  8
Trie cache unloads: 1

Object memory: 34.284 MB current, 34.020 MB peak
System memory: 73.600 MB current, 73.600 MB peak
Allocations:   0.020 million
GC pause:      3.230024ms

Compacting entire database...
Compaction done in 51.381886ms.

Compactions
 Level |   Tables   |    Size(MB)   |    Time(sec)  |    Read(MB)   |   Write(MB)
-------+------------+---------------+---------------+---------------+---------------
   0   |          0 |       0.00000 |       0.02758 |       0.00000 |       0.00167
   1   |          1 |       0.03168 |       0.01946 |       0.03232 |       0.03168

I0215 21:01:51.116464 ethdb/database.go:176] closed db:/root/.ethereum/geth/chaindata
I0215 21:01:51.159991 cmd/utils/flags.go:615] WARNING: No etherbase set and no accounts found as default
I0215 21:01:51.160086 ethdb/database.go:83] Allotted 128MB cache and 1024 file handles to /root/.ethereum/geth/chaindata
I0215 21:01:51.164847 ethdb/database.go:176] closed db:/root/.ethereum/geth/chaindata
I0215 21:01:51.164931 ethdb/database.go:83] Allotted 128MB cache and 1024 file handles to /root/.ethereum/geth/chaindata
I0215 21:01:51.192047 core/blockchain.go:219] Last header: #21 [bfbcc1d0…] TD=2897024
I0215 21:01:51.192105 core/blockchain.go:220] Last block: #21 [bfbcc1d0…] TD=2897024
I0215 21:01:51.192198 core/blockchain.go:221] Fast block: #21 [bfbcc1d0…] TD=2897024
I0215 21:01:51.192357 cmd/utils/cmd.go:132] Importing blockchain /blocks/21
I0215 21:01:52.111401 core/blockchain.go:1073] imported 1 blocks,     1 txs (  0.022 Mg) in 918.659ms ( 0.023 Mg/s). #22 [a2a75c6b…]
Import done in 919.256524ms.

Compactions
 Level |   Tables   |    Size(MB)   |    Time(sec)  |    Read(MB)   |   Write(MB)
-------+------------+---------------+---------------+---------------+---------------
   1   |          1 |       0.03168 |       0.00000 |       0.00000 |       0.00000

Trie cache misses:  8
Trie cache unloads: 1

Object memory: 34.270 MB current, 34.018 MB peak
System memory: 73.600 MB current, 73.600 MB peak
Allocations:   0.020 million
GC pause:      761.43µs

Compacting entire database...
Compaction done in 42.663848ms.

Compactions
 Level |   Tables   |    Size(MB)   |    Time(sec)  |    Read(MB)   |   Write(MB)
-------+------------+---------------+---------------+---------------+---------------
   0   |          0 |       0.00000 |       0.02405 |       0.00000 |       0.00170
   1   |          1 |       0.03340 |       0.01435 |       0.03337 |       0.03340

I0215 21:01:52.154804 ethdb/database.go:176] closed db:/root/.ethereum/geth/chaindata
I0215 21:01:52.191018 cmd/utils/flags.go:615] WARNING: No etherbase set and no accounts found as default
I0215 21:01:52.191096 ethdb/database.go:83] Allotted 128MB cache and 1024 file handles to /root/.ethereum/geth/chaindata
I0215 21:01:52.196516 ethdb/database.go:176] closed db:/root/.ethereum/geth/chaindata
I0215 21:01:52.196595 ethdb/database.go:83] Allotted 128MB cache and 1024 file handles to /root/.ethereum/geth/chaindata
I0215 21:01:52.221828 core/blockchain.go:219] Last header: #22 [a2a75c6b…] TD=3029440
I0215 21:01:52.221884 core/blockchain.go:220] Last block: #22 [a2a75c6b…] TD=3029440
I0215 21:01:52.221906 core/blockchain.go:221] Fast block: #22 [a2a75c6b…] TD=3029440
I0215 21:01:52.222059 cmd/utils/cmd.go:132] Importing blockchain /blocks/22
I0215 21:01:53.068904 core/blockchain.go:1073] imported 1 blocks,     1 txs (  0.023 Mg) in 846.533ms ( 0.027 Mg/s). #23 [3c419f39…]
Import done in 847.022132ms.

Compactions
 Level |   Tables   |    Size(MB)   |    Time(sec)  |    Read(MB)   |   Write(MB)
-------+------------+---------------+---------------+---------------+---------------
   1   |          1 |       0.03340 |       0.00000 |       0.00000 |       0.00000

Trie cache misses:  7
Trie cache unloads: 1

Object memory: 34.295 MB current, 34.009 MB peak
System memory: 73.600 MB current, 73.600 MB peak
Allocations:   0.020 million
GC pause:      8.920244ms

Compacting entire database...
Compaction done in 39.829139ms.

Compactions
 Level |   Tables   |    Size(MB)   |    Time(sec)  |    Read(MB)   |   Write(MB)
-------+------------+---------------+---------------+---------------+---------------
   0   |          0 |       0.00000 |       0.02252 |       0.00000 |       0.00201
   1   |          1 |       0.03471 |       0.01385 |       0.03541 |       0.03471

I0215 21:01:53.109315 ethdb/database.go:176] closed db:/root/.ethereum/geth/chaindata
I0215 21:01:53.146169 cmd/utils/flags.go:615] WARNING: No etherbase set and no accounts found as default
I0215 21:01:53.146249 ethdb/database.go:83] Allotted 128MB cache and 1024 file handles to /root/.ethereum/geth/chaindata
I0215 21:01:53.150534 ethdb/database.go:176] closed db:/root/.ethereum/geth/chaindata
I0215 21:01:53.150613 ethdb/database.go:83] Allotted 128MB cache and 1024 file handles to /root/.ethereum/geth/chaindata
I0215 21:01:53.179199 core/blockchain.go:219] Last header: #23 [3c419f39…] TD=3161920
I0215 21:01:53.179251 core/blockchain.go:220] Last block: #23 [3c419f39…] TD=3161920
I0215 21:01:53.179273 core/blockchain.go:221] Fast block: #23 [3c419f39…] TD=3161920
I0215 21:01:53.179461 cmd/utils/cmd.go:132] Importing blockchain /blocks/23
I0215 21:01:54.067813 core/blockchain.go:1073] imported 1 blocks,     1 txs (  0.022 Mg) in 888.021ms ( 0.025 Mg/s). #24 [1b0e205a…]
Import done in 888.522936ms.

Compactions
 Level |   Tables   |    Size(MB)   |    Time(sec)  |    Read(MB)   |   Write(MB)
-------+------------+---------------+---------------+---------------+---------------
   1   |          1 |       0.03471 |       0.00000 |       0.00000 |       0.00000

Trie cache misses:  7
Trie cache unloads: 1

Object memory: 34.288 MB current, 34.012 MB peak
System memory: 73.600 MB current, 73.600 MB peak
Allocations:   0.020 million
GC pause:      3.763245ms

Compacting entire database...
Compaction done in 46.5786ms.

Compactions
 Level |   Tables   |    Size(MB)   |    Time(sec)  |    Read(MB)   |   Write(MB)
-------+------------+---------------+---------------+---------------+---------------
   0   |          0 |       0.00000 |       0.02504 |       0.00000 |       0.00185
   1   |          1 |       0.03653 |       0.01614 |       0.03656 |       0.03653

I0215 21:01:54.115023 ethdb/database.go:176] closed db:/root/.ethereum/geth/chaindata
I0215 21:01:54.162179 cmd/utils/flags.go:615] WARNING: No etherbase set and no accounts found as default
I0215 21:01:54.162288 ethdb/database.go:83] Allotted 128MB cache and 1024 file handles to /root/.ethereum/geth/chaindata
I0215 21:01:54.167006 ethdb/database.go:176] closed db:/root/.ethereum/geth/chaindata
I0215 21:01:54.167107 ethdb/database.go:83] Allotted 128MB cache and 1024 file handles to /root/.ethereum/geth/chaindata
I0215 21:01:54.194180 core/blockchain.go:219] Last header: #24 [1b0e205a…] TD=3294464
I0215 21:01:54.194202 core/blockchain.go:220] Last block: #24 [1b0e205a…] TD=3294464
I0215 21:01:54.194220 core/blockchain.go:221] Fast block: #24 [1b0e205a…] TD=3294464
I0215 21:01:54.194436 cmd/utils/cmd.go:132] Importing blockchain /blocks/24
I0215 21:01:55.117420 core/blockchain.go:1073] imported 1 blocks,     1 txs (  0.023 Mg) in 922.560ms ( 0.025 Mg/s). #25 [b73cee02…]
Import done in 923.202776ms.

Compactions
 Level |   Tables   |    Size(MB)   |    Time(sec)  |    Read(MB)   |   Write(MB)
-------+------------+---------------+---------------+---------------+---------------
   1   |          1 |       0.03653 |       0.00000 |       0.00000 |       0.00000

Trie cache misses:  7
Trie cache unloads: 1

Object memory: 34.321 MB current, 34.029 MB peak
System memory: 73.600 MB current, 73.600 MB peak
Allocations:   0.020 million
GC pause:      4.93079ms

Compacting entire database...
Compaction done in 61.275368ms.

Compactions
 Level |   Tables   |    Size(MB)   |    Time(sec)  |    Read(MB)   |   Write(MB)
-------+------------+---------------+---------------+---------------+---------------
   0   |          0 |       0.00000 |       0.02664 |       0.00000 |       0.00188
   1   |          1 |       0.03751 |       0.02989 |       0.03841 |       0.03751

I0215 21:01:55.179323 ethdb/database.go:176] closed db:/root/.ethereum/geth/chaindata
I0215 21:01:55.216826 cmd/utils/flags.go:615] WARNING: No etherbase set and no accounts found as default
I0215 21:01:55.216942 ethdb/database.go:83] Allotted 128MB cache and 1024 file handles to /root/.ethereum/geth/chaindata
I0215 21:01:55.221297 ethdb/database.go:176] closed db:/root/.ethereum/geth/chaindata
I0215 21:01:55.221379 ethdb/database.go:83] Allotted 128MB cache and 1024 file handles to /root/.ethereum/geth/chaindata
I0215 21:01:55.246943 core/blockchain.go:219] Last header: #25 [b73cee02…] TD=3427072
I0215 21:01:55.246988 core/blockchain.go:220] Last block: #25 [b73cee02…] TD=3427072
I0215 21:01:55.247038 core/blockchain.go:221] Fast block: #25 [b73cee02…] TD=3427072
I0215 21:01:55.247404 cmd/utils/cmd.go:132] Importing blockchain /blocks/25
I0215 21:01:56.144556 core/blockchain.go:1073] imported 1 blocks,     1 txs (  0.023 Mg) in 896.591ms ( 0.025 Mg/s). #26 [cf6322ea…]
Import done in 897.616187ms.

Compactions
 Level |   Tables   |    Size(MB)   |    Time(sec)  |    Read(MB)   |   Write(MB)
-------+------------+---------------+---------------+---------------+---------------
   1   |          1 |       0.03751 |       0.00000 |       0.00000 |       0.00000

Trie cache misses:  7
Trie cache unloads: 1

Object memory: 34.319 MB current, 34.024 MB peak
System memory: 73.600 MB current, 73.600 MB peak
Allocations:   0.020 million
GC pause:      762.23µs

Compacting entire database...
Compaction done in 41.070287ms.

Compactions
 Level |   Tables   |    Size(MB)   |    Time(sec)  |    Read(MB)   |   Write(MB)
-------+------------+---------------+---------------+---------------+---------------
   0   |          0 |       0.00000 |       0.02364 |       0.00000 |       0.00188
   1   |          1 |       0.03898 |       0.01315 |       0.03939 |       0.03898

I0215 21:01:56.186390 ethdb/database.go:176] closed db:/root/.ethereum/geth/chaindata
I0215 21:01:56.225617 cmd/utils/flags.go:615] WARNING: No etherbase set and no accounts found as default
I0215 21:01:56.225846 ethdb/database.go:83] Allotted 128MB cache and 1024 file handles to /root/.ethereum/geth/chaindata
I0215 21:01:56.230209 ethdb/database.go:176] closed db:/root/.ethereum/geth/chaindata
I0215 21:01:56.230262 ethdb/database.go:83] Allotted 128MB cache and 1024 file handles to /root/.ethereum/geth/chaindata
I0215 21:01:56.255503 core/blockchain.go:219] Last header: #26 [cf6322ea…] TD=3559744
I0215 21:01:56.255577 core/blockchain.go:220] Last block: #26 [cf6322ea…] TD=3559744
I0215 21:01:56.255601 core/blockchain.go:221] Fast block: #26 [cf6322ea…] TD=3559744
I0215 21:01:56.255811 cmd/utils/cmd.go:132] Importing blockchain /blocks/26
I0215 21:01:57.105752 core/blockchain.go:1073] imported 1 blocks,     1 txs (  0.023 Mg) in 849.689ms ( 0.027 Mg/s). #27 [8807dc8e…]
Import done in 850.205556ms.

Compactions
 Level |   Tables   |    Size(MB)   |    Time(sec)  |    Read(MB)   |   Write(MB)
-------+------------+---------------+---------------+---------------+---------------
   1   |          1 |       0.03898 |       0.00000 |       0.00000 |       0.00000

Trie cache misses:  7
Trie cache unloads: 1

Object memory: 34.295 MB current, 34.008 MB peak
System memory: 73.600 MB current, 73.600 MB peak
Allocations:   0.020 million
GC pause:      830.631µs

Compacting entire database...
Compaction done in 44.672927ms.

Compactions
 Level |   Tables   |    Size(MB)   |    Time(sec)  |    Read(MB)   |   Write(MB)
-------+------------+---------------+---------------+---------------+---------------
   0   |          0 |       0.00000 |       0.02395 |       0.00000 |       0.00178
   1   |          1 |       0.03996 |       0.01234 |       0.04076 |       0.03996

I0215 21:01:57.151008 ethdb/database.go:176] closed db:/root/.ethereum/geth/chaindata
I0215 21:01:57.188344 cmd/utils/flags.go:615] WARNING: No etherbase set and no accounts found as default
I0215 21:01:57.188595 ethdb/database.go:83] Allotted 128MB cache and 1024 file handles to /root/.ethereum/geth/chaindata
I0215 21:01:57.193124 ethdb/database.go:176] closed db:/root/.ethereum/geth/chaindata
I0215 21:01:57.193240 ethdb/database.go:83] Allotted 128MB cache and 1024 file handles to /root/.ethereum/geth/chaindata
I0215 21:01:57.219189 core/blockchain.go:219] Last header: #27 [8807dc8e…] TD=3692480
I0215 21:01:57.219209 core/blockchain.go:220] Last block: #27 [8807dc8e…] TD=3692480
I0215 21:01:57.219216 core/blockchain.go:221] Fast block: #27 [8807dc8e…] TD=3692480
I0215 21:01:57.219338 cmd/utils/cmd.go:132] Importing blockchain /blocks/27
I0215 21:01:58.074728 core/blockchain.go:1073] imported 1 blocks,     1 txs (  0.023 Mg) in 855.151ms ( 0.026 Mg/s). #28 [0586b6ab…]
Import done in 855.788071ms.

Compactions
 Level |   Tables   |    Size(MB)   |    Time(sec)  |    Read(MB)   |   Write(MB)
-------+------------+---------------+---------------+---------------+---------------
   1   |          1 |       0.03996 |       0.00000 |       0.00000 |       0.00000

Trie cache misses:  7
Trie cache unloads: 1

Object memory: 34.307 MB current, 34.012 MB peak
System memory: 73.600 MB current, 73.600 MB peak
Allocations:   0.020 million
GC pause:      515.221µs

Compacting entire database...
Compaction done in 48.218063ms.

Compactions
 Level |   Tables   |    Size(MB)   |    Time(sec)  |    Read(MB)   |   Write(MB)
-------+------------+---------------+---------------+---------------+---------------
   0   |          0 |       0.00000 |       0.03082 |       0.00000 |       0.00198
   1   |          1 |       0.04206 |       0.01338 |       0.04194 |       0.04206

I0215 21:01:58.123810 ethdb/database.go:176] closed db:/root/.ethereum/geth/chaindata
I0215 21:01:58.161021 cmd/utils/flags.go:615] WARNING: No etherbase set and no accounts found as default
I0215 21:01:58.161235 ethdb/database.go:83] Allotted 128MB cache and 1024 file handles to /root/.ethereum/geth/chaindata
I0215 21:01:58.166751 ethdb/database.go:176] closed db:/root/.ethereum/geth/chaindata
I0215 21:01:58.166839 ethdb/database.go:83] Allotted 128MB cache and 1024 file handles to /root/.ethereum/geth/chaindata
I0215 21:01:58.198124 core/blockchain.go:219] Last header: #28 [0586b6ab…] TD=3825280
I0215 21:01:58.198210 core/blockchain.go:220] Last block: #28 [0586b6ab…] TD=3825280
I0215 21:01:58.198246 core/blockchain.go:221] Fast block: #28 [0586b6ab…] TD=3825280
I0215 21:01:58.198358 cmd/utils/cmd.go:132] Importing blockchain /blocks/28
I0215 21:01:59.076405 core/blockchain.go:1073] imported 1 blocks,     1 txs (  0.023 Mg) in 877.723ms ( 0.026 Mg/s). #27 [7d5e45fa…]
Import done in 878.238838ms.

Compactions
 Level |   Tables   |    Size(MB)   |    Time(sec)  |    Read(MB)   |   Write(MB)
-------+------------+---------------+---------------+---------------+---------------
   1   |          1 |       0.04206 |       0.00000 |       0.00000 |       0.00000

Trie cache misses:  7
Trie cache unloads: 1

Object memory: 34.291 MB current, 34.019 MB peak
System memory: 73.600 MB current, 73.600 MB peak
Allocations:   0.020 million
GC pause:      5.638616ms

Compacting entire database...
Compaction done in 53.683275ms.

Compactions
 Level |   Tables   |    Size(MB)   |    Time(sec)  |    Read(MB)   |   Write(MB)
-------+------------+---------------+---------------+---------------+---------------
   0   |          0 |       0.00000 |       0.02618 |       0.00000 |       0.00144
   1   |          1 |       0.04310 |       0.02211 |       0.04351 |       0.04310

I0215 21:01:59.130623 ethdb/database.go:176] closed db:/root/.ethereum/geth/chaindata
I0215 21:01:59.168956 cmd/utils/flags.go:615] WARNING: No etherbase set and no accounts found as default
I0215 21:01:59.169172 ethdb/database.go:83] Allotted 128MB cache and 1024 file handles to /root/.ethereum/geth/chaindata
I0215 21:01:59.173760 ethdb/database.go:176] closed db:/root/.ethereum/geth/chaindata
I0215 21:01:59.173806 ethdb/database.go:83] Allotted 128MB cache and 1024 file handles to /root/.ethereum/geth/chaindata
I0215 21:01:59.200770 core/blockchain.go:219] Last header: #28 [0586b6ab…] TD=3825280
I0215 21:01:59.200789 core/blockchain.go:220] Last block: #28 [0586b6ab…] TD=3825280
I0215 21:01:59.200795 core/blockchain.go:221] Fast block: #28 [0586b6ab…] TD=3825280
I0215 21:01:59.200982 cmd/utils/cmd.go:132] Importing blockchain /blocks/29
I0215 21:02:00.069620 core/blockchain.go:1073] imported 1 blocks,     1 txs (  0.023 Mg) in 868.210ms ( 0.026 Mg/s). #28 [3af4d65d…]
Import done in 869.024882ms.

Compactions
 Level |   Tables   |    Size(MB)   |    Time(sec)  |    Read(MB)   |   Write(MB)
-------+------------+---------------+---------------+---------------+---------------
   1   |          1 |       0.04310 |       0.00000 |       0.00000 |       0.00000

Trie cache misses:  7
Trie cache unloads: 1

Object memory: 34.298 MB current, 34.018 MB peak
System memory: 73.600 MB current, 73.600 MB peak
Allocations:   0.020 million
GC pause:      613.424µs

Compacting entire database...
Compaction done in 118.718187ms.

Compactions
 Level |   Tables   |    Size(MB)   |    Time(sec)  |    Read(MB)   |   Write(MB)
-------+------------+---------------+---------------+---------------+---------------
   0   |          0 |       0.00000 |       0.09741 |       0.00000 |       0.00141
   1   |          1 |       0.04381 |       0.01588 |       0.04451 |       0.04381

I0215 21:02:00.188961 ethdb/database.go:176] closed db:/root/.ethereum/geth/chaindata
I0215 21:02:00.226458 cmd/utils/flags.go:615] WARNING: No etherbase set and no accounts found as default
I0215 21:02:00.226550 ethdb/database.go:83] Allotted 128MB cache and 1024 file handles to /root/.ethereum/geth/chaindata
I0215 21:02:00.230938 ethdb/database.go:176] closed db:/root/.ethereum/geth/chaindata
I0215 21:02:00.231452 ethdb/database.go:83] Allotted 128MB cache and 1024 file handles to /root/.ethereum/geth/chaindata
I0215 21:02:00.258790 core/blockchain.go:219] Last header: #28 [0586b6ab…] TD=3825280
I0215 21:02:00.258810 core/blockchain.go:220] Last block: #28 [0586b6ab…] TD=3825280
I0215 21:02:00.258826 core/blockchain.go:221] Fast block: #28 [0586b6ab…] TD=3825280
I0215 21:02:00.259058 cmd/utils/cmd.go:132] Importing blockchain /blocks/30
I0215 21:02:01.121968 core/blockchain.go:1073] imported 1 blocks,     1 txs (  0.024 Mg) in 862.670ms ( 0.028 Mg/s). #29 [f8cfa377…]
Import done in 863.226059ms.

Compactions
 Level |   Tables   |    Size(MB)   |    Time(sec)  |    Read(MB)   |   Write(MB)
-------+------------+---------------+---------------+---------------+---------------
   1   |          1 |       0.04381 |       0.00000 |       0.00000 |       0.00000

Trie cache misses:  7
Trie cache unloads: 1

Object memory: 34.481 MB current, 34.010 MB peak
System memory: 73.600 MB current, 73.600 MB peak
Allocations:   0.022 million
GC pause:      531.818µs

Compacting entire database...
Compaction done in 45.420456ms.

Compactions
 Level |   Tables   |    Size(MB)   |    Time(sec)  |    Read(MB)   |   Write(MB)
-------+------------+---------------+---------------+---------------+---------------
   0   |          0 |       0.00000 |       0.02660 |       0.00000 |       0.00374
   1   |          1 |       0.04533 |       0.01463 |       0.04755 |       0.04533

I0215 21:02:01.168028 ethdb/database.go:176] closed db:/root/.ethereum/geth/chaindata
I0215 21:02:01.205442 cmd/utils/flags.go:615] WARNING: No etherbase set and no accounts found as default
I0215 21:02:01.205674 ethdb/database.go:83] Allotted 128MB cache and 1024 file handles to /root/.ethereum/geth/chaindata
I0215 21:02:01.211752 ethdb/database.go:176] closed db:/root/.ethereum/geth/chaindata
I0215 21:02:01.211841 ethdb/database.go:83] Allotted 128MB cache and 1024 file handles to /root/.ethereum/geth/chaindata
I0215 21:02:01.237436 core/blockchain.go:219] Last header: #27 [7d5e45fa…] TD=3692480
I0215 21:02:01.237524 core/blockchain.go:220] Last block: #29 [f8cfa377…] TD=3958144
I0215 21:02:01.237566 core/blockchain.go:221] Fast block: #27 [7d5e45fa…] TD=3692480
I0215 21:02:01.237712 cmd/utils/cmd.go:132] Importing blockchain /blocks/31
I0215 21:02:02.087053 core/blockchain.go:1073] imported 1 blocks,     1 txs (  0.024 Mg) in 848.937ms ( 0.028 Mg/s). #30 [c8df1f06…]
Import done in 849.658434ms.

Compactions
 Level |   Tables   |    Size(MB)   |    Time(sec)  |    Read(MB)   |   Write(MB)
-------+------------+---------------+---------------+---------------+---------------
   1   |          1 |       0.04533 |       0.00000 |       0.00000 |       0.00000

Trie cache misses:  7
Trie cache unloads: 1

Object memory: 34.324 MB current, 34.020 MB peak
System memory: 73.600 MB current, 73.600 MB peak
Allocations:   0.021 million
GC pause:      911.336µs

Compacting entire database...
Compaction done in 54.514307ms.

Compactions
 Level |   Tables   |    Size(MB)   |    Time(sec)  |    Read(MB)   |   Write(MB)
-------+------------+---------------+---------------+---------------+---------------
   0   |          0 |       0.00000 |       0.02969 |       0.00000 |       0.00211
   1   |          1 |       0.04715 |       0.01619 |       0.04744 |       0.04715

I0215 21:02:02.142431 ethdb/database.go:176] closed db:/root/.ethereum/geth/chaindata
I0215 21:02:02.179804 cmd/utils/flags.go:615] WARNING: No etherbase set and no accounts found as default
I0215 21:02:02.179916 ethdb/database.go:83] Allotted 128MB cache and 1024 file handles to /root/.ethereum/geth/chaindata
I0215 21:02:02.184671 ethdb/database.go:176] closed db:/root/.ethereum/geth/chaindata
I0215 21:02:02.184746 ethdb/database.go:83] Allotted 128MB cache and 1024 file handles to /root/.ethereum/geth/chaindata
I0215 21:02:02.210600 core/blockchain.go:219] Last header: #30 [c8df1f06…] TD=4091072
I0215 21:02:02.210622 core/blockchain.go:220] Last block: #30 [c8df1f06…] TD=4091072
I0215 21:02:02.210629 core/blockchain.go:221] Fast block: #30 [c8df1f06…] TD=4091072
I0215 21:02:02.210799 cmd/utils/cmd.go:132] Importing blockchain /blocks/32
I0215 21:02:03.095199 core/blockchain.go:1073] imported 1 blocks,     1 txs (  0.024 Mg) in 884.104ms ( 0.027 Mg/s). #31 [0f765087…]
Import done in 884.711788ms.

Compactions
 Level |   Tables   |    Size(MB)   |    Time(sec)  |    Read(MB)   |   Write(MB)
-------+------------+---------------+---------------+---------------+---------------
   1   |          1 |       0.04715 |       0.00000 |       0.00000 |       0.00000

Trie cache misses:  7
Trie cache unloads: 1

Object memory: 34.334 MB current, 34.007 MB peak
System memory: 73.600 MB current, 73.600 MB peak
Allocations:   0.021 million
GC pause:      816.531µs

Compacting entire database...
Compaction done in 36.605814ms.

Compactions
 Level |   Tables   |    Size(MB)   |    Time(sec)  |    Read(MB)   |   Write(MB)
-------+------------+---------------+---------------+---------------+---------------
   0   |          0 |       0.00000 |       0.01443 |       0.00000 |       0.00204
   1   |          1 |       0.04832 |       0.01655 |       0.04918 |       0.04832

I0215 21:02:03.132367 ethdb/database.go:176] closed db:/root/.ethereum/geth/chaindata
I0215 21:02:03.169250 cmd/utils/flags.go:615] WARNING: No etherbase set and no accounts found as default
I0215 21:02:03.169370 ethdb/database.go:83] Allotted 128MB cache and 1024 file handles to /root/.ethereum/geth/chaindata
I0215 21:02:03.175028 ethdb/database.go:176] closed db:/root/.ethereum/geth/chaindata
I0215 21:02:03.175171 ethdb/database.go:83] Allotted 128MB cache and 1024 file handles to /root/.ethereum/geth/chaindata
I0215 21:02:03.202363 core/blockchain.go:219] Last header: #31 [0f765087…] TD=4224064
I0215 21:02:03.202383 core/blockchain.go:220] Last block: #31 [0f765087…] TD=4224064
I0215 21:02:03.202389 core/blockchain.go:221] Fast block: #31 [0f765087…] TD=4224064
I0215 21:02:03.202593 cmd/utils/cmd.go:132] Importing blockchain /blocks/33
I0215 21:02:04.065735 core/blockchain.go:1073] imported 1 blocks,     1 txs (  0.024 Mg) in 862.648ms ( 0.027 Mg/s). #32 [71d59849…]
Import done in 863.438966ms.

Compactions
 Level |   Tables   |    Size(MB)   |    Time(sec)  |    Read(MB)   |   Write(MB)
-------+------------+---------------+---------------+---------------+---------------
   1   |          1 |       0.04832 |       0.00000 |       0.00000 |       0.00000

Trie cache misses:  7
Trie cache unloads: 1

Object memory: 34.326 MB current, 34.010 MB peak
System memory: 73.600 MB current, 73.600 MB peak
Allocations:   0.020 million
GC pause:      896.836µs

Compacting entire database...
Compaction done in 48.808186ms.

Compactions
 Level |   Tables   |    Size(MB)   |    Time(sec)  |    Read(MB)   |   Write(MB)
-------+------------+---------------+---------------+---------------+---------------
   0   |          0 |       0.00000 |       0.02849 |       0.00000 |       0.00201
   1   |          1 |       0.04978 |       0.01590 |       0.05033 |       0.04978

I0215 21:02:04.115341 ethdb/database.go:176] closed db:/root/.ethereum/geth/chaindata
Running go-ethereum...
I0215 21:02:04.154793 ethdb/database.go:83] Allotted 128MB cache and 1024 file handles to /root/.ethereum/geth/chaindata
I0215 21:02:04.160044 ethdb/database.go:176] closed db:/root/.ethereum/geth/chaindata
I0215 21:02:04.160526 node/node.go:176] instance: Geth/v1.5.6-unstable-cff315d9/linux/go1.7.3
I0215 21:02:04.160581 ethdb/database.go:83] Allotted 128MB cache and 1024 file handles to /root/.ethereum/geth/chaindata
I0215 21:02:04.186398 eth/db_upgrade.go:53] Upgrading chain database to use sequential keys
I0215 21:02:04.186673 eth/db_upgrade.go:346] upgrading db log bloom bins
I0215 21:02:04.186718 eth/db_upgrade.go:76] Database conversion successful
I0215 21:02:04.188985 eth/db_upgrade.go:354] upgrade completed in 2.311689ms
I0215 21:02:04.189015 eth/backend.go:191] Protocol Versions: [63 62], Network Id: 1
I0215 21:02:04.189223 eth/backend.go:219] Chain config: {ChainID: 0 Homestead: 1150000 DAO: <nil> DAOSupport: false EIP150: 20000 EIP155: 20000 EIP158: 20000}
I0215 21:02:04.189628 core/blockchain.go:219] Last header: #32 [71d59849…] TD=4357120
I0215 21:02:04.189646 core/blockchain.go:220] Last block: #32 [71d59849…] TD=4357120
I0215 21:02:04.189652 core/blockchain.go:221] Fast block: #32 [71d59849…] TD=4357120
I0215 21:02:04.190765 p2p/server.go:342] Starting Server
I0215 21:02:04.190896 p2p/server.go:610] Listening on [::]:30303
I0215 21:02:04.192506 node/node.go:411] HTTP endpoint opened: http://0.0.0.0:8545
I0215 21:02:04.192606 node/node.go:341] IPC endpoint opened: /root/.ethereum/geth.ipc
