Initializing database with genesis state...
I0215 21:00:52.240608 cmd/utils/flags.go:608] WARNING: No etherbase set and no accounts found as default
I0215 21:00:52.240769 ethdb/database.go:83] Allotted 128MB cache and 1024 file handles to /root/.ethereum/geth/chaindata
I0215 21:00:52.263265 ethdb/database.go:176] closed db:/root/.ethereum/geth/chaindata
I0215 21:00:52.263431 ethdb/database.go:83] Allotted 128MB cache and 1024 file handles to /root/.ethereum/geth/chaindata
I0215 21:00:52.277770 cmd/geth/chaincmd.go:132] successfully wrote genesis block and/or chain rule set: f8f01382f5636d02edac7fff679a6feb7a572d37a395daaab77938feb6fe217f
Loading initial blockchain...
Loading remaining individual blocks...
I0215 21:00:52.322347 cmd/utils/flags.go:608] WARNING: No etherbase set and no accounts found as default
I0215 21:00:52.322443 ethdb/database.go:83] Allotted 128MB cache and 1024 file handles to /root/.ethereum/geth/chaindata
I0215 21:00:52.338800 ethdb/database.go:176] closed db:/root/.ethereum/geth/chaindata
I0215 21:00:52.338992 ethdb/database.go:83] Allotted 128MB cache and 1024 file handles to /root/.ethereum/geth/chaindata
I0215 21:00:52.364233 core/blockchain.go:219] Last header: #0 [f8f01382…] TD=131072
I0215 21:00:52.364253 core/blockchain.go:220] Last block: #0 [f8f01382…] TD=131072
I0215 21:00:52.364259 core/blockchain.go:221] Fast block: #0 [f8f01382…] TD=131072
I0215 21:00:52.364515 cmd/utils/cmd.go:131] Importing blockchain /blocks/0
I0215 21:00:53.218198 core/blockchain.go:1070] imported    1 blocks,     1 txs (  0.493 Mg) in 853.470ms ( 0.578 Mg/s). #1 [10aaf14a…]
Import done in 854.111507ms.

Compactions
 Level |   Tables   |    Size(MB)   |    Time(sec)  |    Read(MB)   |   Write(MB)
-------+------------+---------------+---------------+---------------+---------------
   0   |          1 |       0.00079 |       0.00000 |       0.00000 |       0.00000

Trie cache misses:  3
Trie cache unloads: 0

Object memory: 34.737 MB current, 34.550 MB peak
System memory: 74.631 MB current, 74.631 MB peak
Allocations:   0.019 million
GC pause:      908.534µs

Compacting entire database...
Compaction done in 61.806989ms.

Compactions
 Level |   Tables   |    Size(MB)   |    Time(sec)  |    Read(MB)   |   Write(MB)
-------+------------+---------------+---------------+---------------+---------------
   0   |          0 |       0.00000 |       0.03832 |       0.00000 |       0.00412
   1   |          1 |       0.00451 |       0.01932 |       0.00491 |       0.00451

I0215 21:00:53.281132 ethdb/database.go:176] closed db:/root/.ethereum/geth/chaindata
I0215 21:00:53.326428 cmd/utils/flags.go:608] WARNING: No etherbase set and no accounts found as default
I0215 21:00:53.326559 ethdb/database.go:83] Allotted 128MB cache and 1024 file handles to /root/.ethereum/geth/chaindata
I0215 21:00:53.331167 ethdb/database.go:176] closed db:/root/.ethereum/geth/chaindata
I0215 21:00:53.331257 ethdb/database.go:83] Allotted 128MB cache and 1024 file handles to /root/.ethereum/geth/chaindata
I0215 21:00:53.361653 core/blockchain.go:219] Last header: #1 [10aaf14a…] TD=262144
I0215 21:00:53.361768 core/blockchain.go:220] Last block: #1 [10aaf14a…] TD=262144
I0215 21:00:53.361845 core/blockchain.go:221] Fast block: #1 [10aaf14a…] TD=262144
I0215 21:00:53.362175 cmd/utils/cmd.go:131] Importing blockchain /blocks/1
I0215 21:00:54.227603 core/blockchain.go:1070] imported    1 blocks,     1 txs (  0.021 Mg) in 865.154ms ( 0.025 Mg/s). #2 [0e29f455…]
Import done in 865.903163ms.

Compactions
 Level |   Tables   |    Size(MB)   |    Time(sec)  |    Read(MB)   |   Write(MB)
-------+------------+---------------+---------------+---------------+---------------
   1   |          1 |       0.00451 |       0.00000 |       0.00000 |       0.00000

Trie cache misses:  6
Trie cache unloads: 0

Object memory: 34.769 MB current, 34.576 MB peak
System memory: 74.631 MB current, 74.631 MB peak
Allocations:   0.020 million
GC pause:      4.12516ms

Compacting entire database...
Compaction done in 59.496ms.

Compactions
 Level |   Tables   |    Size(MB)   |    Time(sec)  |    Read(MB)   |   Write(MB)
-------+------------+---------------+---------------+---------------+---------------
   0   |          0 |       0.00000 |       0.02699 |       0.00000 |       0.00165
   1   |          1 |       0.00585 |       0.02798 |       0.00616 |       0.00585

I0215 21:00:54.288103 ethdb/database.go:176] closed db:/root/.ethereum/geth/chaindata
I0215 21:00:54.333336 cmd/utils/flags.go:608] WARNING: No etherbase set and no accounts found as default
I0215 21:00:54.333393 ethdb/database.go:83] Allotted 128MB cache and 1024 file handles to /root/.ethereum/geth/chaindata
I0215 21:00:54.344703 ethdb/database.go:176] closed db:/root/.ethereum/geth/chaindata
I0215 21:00:54.344840 ethdb/database.go:83] Allotted 128MB cache and 1024 file handles to /root/.ethereum/geth/chaindata
I0215 21:00:54.441069 core/blockchain.go:219] Last header: #2 [0e29f455…] TD=393280
I0215 21:00:54.441141 core/blockchain.go:220] Last block: #2 [0e29f455…] TD=393280
I0215 21:00:54.441199 core/blockchain.go:221] Fast block: #2 [0e29f455…] TD=393280
I0215 21:00:54.441382 cmd/utils/cmd.go:131] Importing blockchain /blocks/2
I0215 21:00:55.315875 core/blockchain.go:1070] imported    1 blocks,     1 txs (  0.022 Mg) in 874.286ms ( 0.025 Mg/s). #3 [3d813a0f…]
Import done in 874.700802ms.

Compactions
 Level |   Tables   |    Size(MB)   |    Time(sec)  |    Read(MB)   |   Write(MB)
-------+------------+---------------+---------------+---------------+---------------
   1   |          1 |       0.00585 |       0.00000 |       0.00000 |       0.00000

Trie cache misses:  6
Trie cache unloads: 0

Object memory: 34.784 MB current, 34.586 MB peak
System memory: 74.631 MB current, 74.631 MB peak
Allocations:   0.020 million
GC pause:      6.849764ms

Compacting entire database...
Compaction done in 48.033456ms.

Compactions
 Level |   Tables   |    Size(MB)   |    Time(sec)  |    Read(MB)   |   Write(MB)
-------+------------+---------------+---------------+---------------+---------------
   0   |          0 |       0.00000 |       0.02752 |       0.00000 |       0.00148
   1   |          1 |       0.00688 |       0.01652 |       0.00732 |       0.00688

I0215 21:00:55.364772 ethdb/database.go:176] closed db:/root/.ethereum/geth/chaindata
I0215 21:00:55.408358 cmd/utils/flags.go:608] WARNING: No etherbase set and no accounts found as default
I0215 21:00:55.408469 ethdb/database.go:83] Allotted 128MB cache and 1024 file handles to /root/.ethereum/geth/chaindata
I0215 21:00:55.412932 ethdb/database.go:176] closed db:/root/.ethereum/geth/chaindata
I0215 21:00:55.413037 ethdb/database.go:83] Allotted 128MB cache and 1024 file handles to /root/.ethereum/geth/chaindata
I0215 21:00:55.438334 core/blockchain.go:219] Last header: #3 [3d813a0f…] TD=524480
I0215 21:00:55.438383 core/blockchain.go:220] Last block: #3 [3d813a0f…] TD=524480
I0215 21:00:55.438433 core/blockchain.go:221] Fast block: #3 [3d813a0f…] TD=524480
I0215 21:00:55.438618 cmd/utils/cmd.go:131] Importing blockchain /blocks/3
I0215 21:00:56.320172 core/blockchain.go:1070] imported    1 blocks,     1 txs (  0.022 Mg) in 881.358ms ( 0.024 Mg/s). #4 [4e9a67b6…]
Import done in 881.861879ms.

Compactions
 Level |   Tables   |    Size(MB)   |    Time(sec)  |    Read(MB)   |   Write(MB)
-------+------------+---------------+---------------+---------------+---------------
   1   |          1 |       0.00688 |       0.00000 |       0.00000 |       0.00000

Trie cache misses:  6
Trie cache unloads: 0

Object memory: 34.830 MB current, 34.572 MB peak
System memory: 74.631 MB current, 74.631 MB peak
Allocations:   0.021 million
GC pause:      5.818724ms

Compacting entire database...
Compaction done in 47.955953ms.

Compactions
 Level |   Tables   |    Size(MB)   |    Time(sec)  |    Read(MB)   |   Write(MB)
-------+------------+---------------+---------------+---------------+---------------
   0   |          0 |       0.00000 |       0.02341 |       0.00000 |       0.00229
   1   |          1 |       0.00860 |       0.02028 |       0.00918 |       0.00860

I0215 21:00:56.368812 ethdb/database.go:176] closed db:/root/.ethereum/geth/chaindata
I0215 21:00:56.410228 cmd/utils/flags.go:608] WARNING: No etherbase set and no accounts found as default
I0215 21:00:56.410407 ethdb/database.go:83] Allotted 128MB cache and 1024 file handles to /root/.ethereum/geth/chaindata
I0215 21:00:56.414845 ethdb/database.go:176] closed db:/root/.ethereum/geth/chaindata
I0215 21:00:56.414930 ethdb/database.go:83] Allotted 128MB cache and 1024 file handles to /root/.ethereum/geth/chaindata
I0215 21:00:56.440638 core/blockchain.go:219] Last header: #4 [4e9a67b6…] TD=655744
I0215 21:00:56.440659 core/blockchain.go:220] Last block: #4 [4e9a67b6…] TD=655744
I0215 21:00:56.440665 core/blockchain.go:221] Fast block: #4 [4e9a67b6…] TD=655744
I0215 21:00:56.440993 cmd/utils/cmd.go:131] Importing blockchain /blocks/4
I0215 21:00:57.286407 core/blockchain.go:1070] imported    1 blocks,     1 txs (  0.022 Mg) in 845.205ms ( 0.026 Mg/s). #5 [609427cc…]
Import done in 845.769085ms.

Compactions
 Level |   Tables   |    Size(MB)   |    Time(sec)  |    Read(MB)   |   Write(MB)
-------+------------+---------------+---------------+---------------+---------------
   1   |          1 |       0.00860 |       0.00000 |       0.00000 |       0.00000

Trie cache misses:  6
Trie cache unloads: 0

Object memory: 34.824 MB current, 34.584 MB peak
System memory: 74.631 MB current, 74.631 MB peak
Allocations:   0.021 million
GC pause:      2.378491ms

Compacting entire database...
Compaction done in 45.637063ms.

Compactions
 Level |   Tables   |    Size(MB)   |    Time(sec)  |    Read(MB)   |   Write(MB)
-------+------------+---------------+---------------+---------------+---------------
   0   |          0 |       0.00000 |       0.02452 |       0.00000 |       0.00167
   1   |          1 |       0.00975 |       0.01660 |       0.01027 |       0.00975

I0215 21:00:57.332915 ethdb/database.go:176] closed db:/root/.ethereum/geth/chaindata
I0215 21:00:57.376373 cmd/utils/flags.go:608] WARNING: No etherbase set and no accounts found as default
I0215 21:00:57.376479 ethdb/database.go:83] Allotted 128MB cache and 1024 file handles to /root/.ethereum/geth/chaindata
I0215 21:00:57.381104 ethdb/database.go:176] closed db:/root/.ethereum/geth/chaindata
I0215 21:00:57.381232 ethdb/database.go:83] Allotted 128MB cache and 1024 file handles to /root/.ethereum/geth/chaindata
I0215 21:00:57.384771 core/blockchain.go:219] Last header: #5 [609427cc…] TD=787072
I0215 21:00:57.384792 core/blockchain.go:220] Last block: #5 [609427cc…] TD=787072
I0215 21:00:57.384798 core/blockchain.go:221] Fast block: #5 [609427cc…] TD=787072
I0215 21:00:57.384966 cmd/utils/cmd.go:131] Importing blockchain /blocks/5
I0215 21:00:58.232841 core/blockchain.go:1070] imported    1 blocks,     1 txs (  0.022 Mg) in 847.683ms ( 0.026 Mg/s). #6 [666c5e63…]
Import done in 848.133476ms.

Compactions
 Level |   Tables   |    Size(MB)   |    Time(sec)  |    Read(MB)   |   Write(MB)
-------+------------+---------------+---------------+---------------+---------------
   1   |          1 |       0.00975 |       0.00000 |       0.00000 |       0.00000

Trie cache misses:  6
Trie cache unloads: 0

Object memory: 99.041 MB current, 98.799 MB peak
System memory: 140.694 MB current, 140.694 MB peak
Allocations:   0.021 million
GC pause:      564.322µs

Compacting entire database...
Compaction done in 43.624085ms.

Compactions
 Level |   Tables   |    Size(MB)   |    Time(sec)  |    Read(MB)   |   Write(MB)
-------+------------+---------------+---------------+---------------+---------------
   0   |          0 |       0.00000 |       0.01646 |       0.00000 |       0.00173
   1   |          1 |       0.01187 |       0.01207 |       0.01149 |       0.01187

I0215 21:00:58.276998 ethdb/database.go:176] closed db:/root/.ethereum/geth/chaindata
I0215 21:00:58.319972 cmd/utils/flags.go:608] WARNING: No etherbase set and no accounts found as default
I0215 21:00:58.320083 ethdb/database.go:83] Allotted 128MB cache and 1024 file handles to /root/.ethereum/geth/chaindata
I0215 21:00:58.324619 ethdb/database.go:176] closed db:/root/.ethereum/geth/chaindata
I0215 21:00:58.324705 ethdb/database.go:83] Allotted 128MB cache and 1024 file handles to /root/.ethereum/geth/chaindata
I0215 21:00:58.350190 core/blockchain.go:219] Last header: #6 [666c5e63…] TD=918464
I0215 21:00:58.350258 core/blockchain.go:220] Last block: #6 [666c5e63…] TD=918464
I0215 21:00:58.350281 core/blockchain.go:221] Fast block: #6 [666c5e63…] TD=918464
I0215 21:00:58.350423 cmd/utils/cmd.go:131] Importing blockchain /blocks/6
I0215 21:00:59.197373 core/blockchain.go:1070] imported    1 blocks,     1 txs (  0.022 Mg) in 846.654ms ( 0.026 Mg/s). #7 [4997e4f3…]
Import done in 847.237241ms.

Compactions
 Level |   Tables   |    Size(MB)   |    Time(sec)  |    Read(MB)   |   Write(MB)
-------+------------+---------------+---------------+---------------+---------------
   1   |          1 |       0.01187 |       0.00000 |       0.00000 |       0.00000

Trie cache misses:  6
Trie cache unloads: 0

Object memory: 34.827 MB current, 34.577 MB peak
System memory: 74.631 MB current, 74.631 MB peak
Allocations:   0.021 million
GC pause:      1.058941ms

Compacting entire database...
Compaction done in 42.718551ms.

Compactions
 Level |   Tables   |    Size(MB)   |    Time(sec)  |    Read(MB)   |   Write(MB)
-------+------------+---------------+---------------+---------------+---------------
   0   |          0 |       0.00000 |       0.02604 |       0.00000 |       0.00167
   1   |          1 |       0.01330 |       0.01216 |       0.01354 |       0.01330

I0215 21:00:59.240666 ethdb/database.go:176] closed db:/root/.ethereum/geth/chaindata
I0215 21:00:59.282857 cmd/utils/flags.go:608] WARNING: No etherbase set and no accounts found as default
I0215 21:00:59.283035 ethdb/database.go:83] Allotted 128MB cache and 1024 file handles to /root/.ethereum/geth/chaindata
I0215 21:00:59.287810 ethdb/database.go:176] closed db:/root/.ethereum/geth/chaindata
I0215 21:00:59.287869 ethdb/database.go:83] Allotted 128MB cache and 1024 file handles to /root/.ethereum/geth/chaindata
I0215 21:00:59.313555 core/blockchain.go:219] Last header: #7 [4997e4f3…] TD=1049920
I0215 21:00:59.313628 core/blockchain.go:220] Last block: #7 [4997e4f3…] TD=1049920
I0215 21:00:59.313654 core/blockchain.go:221] Fast block: #7 [4997e4f3…] TD=1049920
I0215 21:00:59.313941 cmd/utils/cmd.go:131] Importing blockchain /blocks/7
I0215 21:01:00.165311 core/blockchain.go:1070] imported    1 blocks,     1 txs (  0.022 Mg) in 851.154ms ( 0.025 Mg/s). #8 [45f61118…]
Import done in 851.950024ms.

Compactions
 Level |   Tables   |    Size(MB)   |    Time(sec)  |    Read(MB)   |   Write(MB)
-------+------------+---------------+---------------+---------------+---------------
   1   |          1 |       0.01330 |       0.00000 |       0.00000 |       0.00000

Trie cache misses:  6
Trie cache unloads: 0

Object memory: 34.846 MB current, 34.586 MB peak
System memory: 74.631 MB current, 74.631 MB peak
Allocations:   0.021 million
GC pause:      1.086142ms

Compacting entire database...
Compaction done in 39.955144ms.

Compactions
 Level |   Tables   |    Size(MB)   |    Time(sec)  |    Read(MB)   |   Write(MB)
-------+------------+---------------+---------------+---------------+---------------
   0   |          0 |       0.00000 |       0.02331 |       0.00000 |       0.00174
   1   |          1 |       0.01430 |       0.01261 |       0.01503 |       0.01430

I0215 21:01:00.205884 ethdb/database.go:176] closed db:/root/.ethereum/geth/chaindata
I0215 21:01:00.249579 cmd/utils/flags.go:608] WARNING: No etherbase set and no accounts found as default
I0215 21:01:00.249719 ethdb/database.go:83] Allotted 128MB cache and 1024 file handles to /root/.ethereum/geth/chaindata
I0215 21:01:00.254226 ethdb/database.go:176] closed db:/root/.ethereum/geth/chaindata
I0215 21:01:00.254309 ethdb/database.go:83] Allotted 128MB cache and 1024 file handles to /root/.ethereum/geth/chaindata
I0215 21:01:00.278739 core/blockchain.go:219] Last header: #8 [45f61118…] TD=1181440
I0215 21:01:00.278802 core/blockchain.go:220] Last block: #8 [45f61118…] TD=1181440
I0215 21:01:00.278852 core/blockchain.go:221] Fast block: #8 [45f61118…] TD=1181440
I0215 21:01:00.278982 cmd/utils/cmd.go:131] Importing blockchain /blocks/8
I0215 21:01:01.127377 core/blockchain.go:1070] imported    1 blocks,     1 txs (  0.042 Mg) in 848.217ms ( 0.049 Mg/s). #9 [0362d0ee…]
Import done in 848.617595ms.

Compactions
 Level |   Tables   |    Size(MB)   |    Time(sec)  |    Read(MB)   |   Write(MB)
-------+------------+---------------+---------------+---------------+---------------
   1   |          1 |       0.01430 |       0.00000 |       0.00000 |       0.00000

Trie cache misses:  6
Trie cache unloads: 0

Object memory: 34.837 MB current, 34.585 MB peak
System memory: 74.631 MB current, 74.631 MB peak
Allocations:   0.021 million
GC pause:      894.034µs

Compacting entire database...
Compaction done in 40.433063ms.

Compactions
 Level |   Tables   |    Size(MB)   |    Time(sec)  |    Read(MB)   |   Write(MB)
-------+------------+---------------+---------------+---------------+---------------
   0   |          0 |       0.00000 |       0.02434 |       0.00000 |       0.00194
   1   |          1 |       0.01621 |       0.01178 |       0.01625 |       0.01621

I0215 21:01:01.168386 ethdb/database.go:176] closed db:/root/.ethereum/geth/chaindata
I0215 21:01:01.210775 cmd/utils/flags.go:608] WARNING: No etherbase set and no accounts found as default
I0215 21:01:01.210962 ethdb/database.go:83] Allotted 128MB cache and 1024 file handles to /root/.ethereum/geth/chaindata
I0215 21:01:01.220609 ethdb/database.go:176] closed db:/root/.ethereum/geth/chaindata
I0215 21:01:01.220706 ethdb/database.go:83] Allotted 128MB cache and 1024 file handles to /root/.ethereum/geth/chaindata
I0215 21:01:01.246003 core/blockchain.go:219] Last header: #9 [0362d0ee…] TD=1313024
I0215 21:01:01.246038 core/blockchain.go:220] Last block: #9 [0362d0ee…] TD=1313024
I0215 21:01:01.246044 core/blockchain.go:221] Fast block: #9 [0362d0ee…] TD=1313024
I0215 21:01:01.246209 cmd/utils/cmd.go:131] Importing blockchain /blocks/9
I0215 21:01:02.096030 core/blockchain.go:1070] imported    1 blocks,     1 txs (  0.027 Mg) in 849.569ms ( 0.031 Mg/s). #10 [c37f28ec…]
Import done in 850.183855ms.

Compactions
 Level |   Tables   |    Size(MB)   |    Time(sec)  |    Read(MB)   |   Write(MB)
-------+------------+---------------+---------------+---------------+---------------
   1   |          1 |       0.01621 |       0.00000 |       0.00000 |       0.00000

Trie cache misses:  7
Trie cache unloads: 1

Object memory: 34.846 MB current, 34.588 MB peak
System memory: 74.631 MB current, 74.631 MB peak
Allocations:   0.021 million
GC pause:      5.299606ms

Compacting entire database...
Compaction done in 48.239164ms.

Compactions
 Level |   Tables   |    Size(MB)   |    Time(sec)  |    Read(MB)   |   Write(MB)
-------+------------+---------------+---------------+---------------+---------------
   0   |          0 |       0.00000 |       0.03158 |       0.00000 |       0.00180
   1   |          1 |       0.01674 |       0.01254 |       0.01801 |       0.01674

I0215 21:01:02.145071 ethdb/database.go:176] closed db:/root/.ethereum/geth/chaindata
I0215 21:01:02.188733 cmd/utils/flags.go:608] WARNING: No etherbase set and no accounts found as default
I0215 21:01:02.188975 ethdb/database.go:83] Allotted 128MB cache and 1024 file handles to /root/.ethereum/geth/chaindata
I0215 21:01:02.193748 ethdb/database.go:176] closed db:/root/.ethereum/geth/chaindata
I0215 21:01:02.193901 ethdb/database.go:83] Allotted 128MB cache and 1024 file handles to /root/.ethereum/geth/chaindata
I0215 21:01:02.219021 core/blockchain.go:219] Last header: #10 [c37f28ec…] TD=1444672
I0215 21:01:02.219044 core/blockchain.go:220] Last block: #10 [c37f28ec…] TD=1444672
I0215 21:01:02.219051 core/blockchain.go:221] Fast block: #10 [c37f28ec…] TD=1444672
I0215 21:01:02.219155 cmd/utils/cmd.go:131] Importing blockchain /blocks/10
I0215 21:01:03.080323 core/blockchain.go:1070] imported    1 blocks,     1 txs (  0.029 Mg) in 860.927ms ( 0.034 Mg/s). #11 [595973e2…]
Import done in 861.475291ms.

Compactions
 Level |   Tables   |    Size(MB)   |    Time(sec)  |    Read(MB)   |   Write(MB)
-------+------------+---------------+---------------+---------------+---------------
   1   |          1 |       0.01674 |       0.00000 |       0.00000 |       0.00000

Trie cache misses:  7
Trie cache unloads: 0

Object memory: 34.854 MB current, 34.587 MB peak
System memory: 74.631 MB current, 74.631 MB peak
Allocations:   0.021 million
GC pause:      967.237µs

Compacting entire database...
Compaction done in 47.940652ms.

Compactions
 Level |   Tables   |    Size(MB)   |    Time(sec)  |    Read(MB)   |   Write(MB)
-------+------------+---------------+---------------+---------------+---------------
   0   |          0 |       0.00000 |       0.02594 |       0.00000 |       0.00190
   1   |          1 |       0.01845 |       0.01733 |       0.01864 |       0.01845

I0215 21:01:03.128851 ethdb/database.go:176] closed db:/root/.ethereum/geth/chaindata
I0215 21:01:03.172077 cmd/utils/flags.go:608] WARNING: No etherbase set and no accounts found as default
I0215 21:01:03.172289 ethdb/database.go:83] Allotted 128MB cache and 1024 file handles to /root/.ethereum/geth/chaindata
I0215 21:01:03.176686 ethdb/database.go:176] closed db:/root/.ethereum/geth/chaindata
I0215 21:01:03.176736 ethdb/database.go:83] Allotted 128MB cache and 1024 file handles to /root/.ethereum/geth/chaindata
I0215 21:01:03.201120 core/blockchain.go:219] Last header: #11 [595973e2…] TD=1576384
I0215 21:01:03.201141 core/blockchain.go:220] Last block: #11 [595973e2…] TD=1576384
I0215 21:01:03.201148 core/blockchain.go:221] Fast block: #11 [595973e2…] TD=1576384
I0215 21:01:03.201287 cmd/utils/cmd.go:131] Importing blockchain /blocks/11
I0215 21:01:04.070860 core/blockchain.go:1070] imported    1 blocks,     1 txs (  0.027 Mg) in 869.280ms ( 0.031 Mg/s). #12 [2c18d097…]
Import done in 870.005721ms.

Compactions
 Level |   Tables   |    Size(MB)   |    Time(sec)  |    Read(MB)   |   Write(MB)
-------+------------+---------------+---------------+---------------+---------------
   1   |          1 |       0.01845 |       0.00000 |       0.00000 |       0.00000

Trie cache misses:  7
Trie cache unloads: 0

Object memory: 34.852 MB current, 34.587 MB peak
System memory: 74.631 MB current, 74.631 MB peak
Allocations:   0.021 million
GC pause:      795.13µs

Compacting entire database...
Compaction done in 52.772439ms.

Compactions
 Level |   Tables   |    Size(MB)   |    Time(sec)  |    Read(MB)   |   Write(MB)
-------+------------+---------------+---------------+---------------+---------------
   0   |          0 |       0.00000 |       0.02530 |       0.00000 |       0.00180
   1   |          1 |       0.01957 |       0.02309 |       0.02025 |       0.01957

I0215 21:01:04.124492 ethdb/database.go:176] closed db:/root/.ethereum/geth/chaindata
I0215 21:01:04.169262 cmd/utils/flags.go:608] WARNING: No etherbase set and no accounts found as default
I0215 21:01:04.169398 ethdb/database.go:83] Allotted 128MB cache and 1024 file handles to /root/.ethereum/geth/chaindata
I0215 21:01:04.174447 ethdb/database.go:176] closed db:/root/.ethereum/geth/chaindata
I0215 21:01:04.174527 ethdb/database.go:83] Allotted 128MB cache and 1024 file handles to /root/.ethereum/geth/chaindata
I0215 21:01:04.204952 core/blockchain.go:219] Last header: #12 [2c18d097…] TD=1708160
I0215 21:01:04.204979 core/blockchain.go:220] Last block: #12 [2c18d097…] TD=1708160
I0215 21:01:04.205009 core/blockchain.go:221] Fast block: #12 [2c18d097…] TD=1708160
I0215 21:01:04.206662 cmd/utils/cmd.go:131] Importing blockchain /blocks/12
I0215 21:01:05.063541 core/blockchain.go:1070] imported    1 blocks,     1 txs (  0.044 Mg) in 856.622ms ( 0.051 Mg/s). #13 [c3b22a28…]
Import done in 857.249028ms.

Compactions
 Level |   Tables   |    Size(MB)   |    Time(sec)  |    Read(MB)   |   Write(MB)
-------+------------+---------------+---------------+---------------+---------------
   1   |          1 |       0.01957 |       0.00000 |       0.00000 |       0.00000

Trie cache misses:  7
Trie cache unloads: 0

Object memory: 34.856 MB current, 34.588 MB peak
System memory: 74.631 MB current, 74.631 MB peak
Allocations:   0.021 million
GC pause:      14.998277ms

Compacting entire database...
Compaction done in 48.043457ms.

Compactions
 Level |   Tables   |    Size(MB)   |    Time(sec)  |    Read(MB)   |   Write(MB)
-------+------------+---------------+---------------+---------------+---------------
   0   |          0 |       0.00000 |       0.02486 |       0.00000 |       0.00195
   1   |          1 |       0.02105 |       0.01847 |       0.02152 |       0.02105

I0215 21:01:05.112631 ethdb/database.go:176] closed db:/root/.ethereum/geth/chaindata
I0215 21:01:05.156611 cmd/utils/flags.go:608] WARNING: No etherbase set and no accounts found as default
I0215 21:01:05.156778 ethdb/database.go:83] Allotted 128MB cache and 1024 file handles to /root/.ethereum/geth/chaindata
I0215 21:01:05.165099 ethdb/database.go:176] closed db:/root/.ethereum/geth/chaindata
I0215 21:01:05.165201 ethdb/database.go:83] Allotted 128MB cache and 1024 file handles to /root/.ethereum/geth/chaindata
I0215 21:01:05.181705 core/blockchain.go:219] Last header: #13 [c3b22a28…] TD=1840000
I0215 21:01:05.181741 core/blockchain.go:220] Last block: #13 [c3b22a28…] TD=1840000
I0215 21:01:05.181747 core/blockchain.go:221] Fast block: #13 [c3b22a28…] TD=1840000
I0215 21:01:05.181893 cmd/utils/cmd.go:131] Importing blockchain /blocks/13
I0215 21:01:06.100532 core/blockchain.go:1070] imported    1 blocks,     1 txs (  0.044 Mg) in 918.260ms ( 0.048 Mg/s). #14 [dc0db819…]
Import done in 918.785207ms.

Compactions
 Level |   Tables   |    Size(MB)   |    Time(sec)  |    Read(MB)   |   Write(MB)
-------+------------+---------------+---------------+---------------+---------------
   1   |          1 |       0.02105 |       0.00000 |       0.00000 |       0.00000

Trie cache misses:  7
Trie cache unloads: 0

Object memory: 34.863 MB current, 34.586 MB peak
System memory: 107.662 MB current, 107.662 MB peak
Allocations:   0.021 million
GC pause:      1.318351ms

Compacting entire database...
Compaction done in 34.711642ms.

Compactions
 Level |   Tables   |    Size(MB)   |    Time(sec)  |    Read(MB)   |   Write(MB)
-------+------------+---------------+---------------+---------------+---------------
   0   |          0 |       0.00000 |       0.01854 |       0.00000 |       0.00214
   1   |          1 |       0.02280 |       0.01198 |       0.02320 |       0.02280

I0215 21:01:06.135666 ethdb/database.go:176] closed db:/root/.ethereum/geth/chaindata
I0215 21:01:06.178686 cmd/utils/flags.go:608] WARNING: No etherbase set and no accounts found as default
I0215 21:01:06.178797 ethdb/database.go:83] Allotted 128MB cache and 1024 file handles to /root/.ethereum/geth/chaindata
I0215 21:01:06.183541 ethdb/database.go:176] closed db:/root/.ethereum/geth/chaindata
I0215 21:01:06.183621 ethdb/database.go:83] Allotted 128MB cache and 1024 file handles to /root/.ethereum/geth/chaindata
I0215 21:01:06.207881 core/blockchain.go:219] Last header: #14 [dc0db819…] TD=1971904
I0215 21:01:06.207901 core/blockchain.go:220] Last block: #14 [dc0db819…] TD=1971904
I0215 21:01:06.207918 core/blockchain.go:221] Fast block: #14 [dc0db819…] TD=1971904
I0215 21:01:06.208133 cmd/utils/cmd.go:131] Importing blockchain /blocks/14
I0215 21:01:07.138840 core/blockchain.go:1070] imported    1 blocks,     1 txs (  0.044 Mg) in 930.395ms ( 0.047 Mg/s). #15 [9dcd5e20…]
Import done in 930.943876ms.

Compactions
 Level |   Tables   |    Size(MB)   |    Time(sec)  |    Read(MB)   |   Write(MB)
-------+------------+---------------+---------------+---------------+---------------
   1   |          1 |       0.02280 |       0.00000 |       0.00000 |       0.00000

Trie cache misses:  7
Trie cache unloads: 0

Object memory: 34.868 MB current, 34.593 MB peak
System memory: 74.631 MB current, 74.631 MB peak
Allocations:   0.021 million
GC pause:      916.634µs

Compacting entire database...
Compaction done in 40.560167ms.

Compactions
 Level |   Tables   |    Size(MB)   |    Time(sec)  |    Read(MB)   |   Write(MB)
-------+------------+---------------+---------------+---------------+---------------
   0   |          0 |       0.00000 |       0.02121 |       0.00000 |       0.00215
   1   |          1 |       0.02436 |       0.01573 |       0.02495 |       0.02436

I0215 21:01:07.179733 ethdb/database.go:176] closed db:/root/.ethereum/geth/chaindata
I0215 21:01:07.222550 cmd/utils/flags.go:608] WARNING: No etherbase set and no accounts found as default
I0215 21:01:07.222664 ethdb/database.go:83] Allotted 128MB cache and 1024 file handles to /root/.ethereum/geth/chaindata
I0215 21:01:07.227510 ethdb/database.go:176] closed db:/root/.ethereum/geth/chaindata
I0215 21:01:07.227617 ethdb/database.go:83] Allotted 128MB cache and 1024 file handles to /root/.ethereum/geth/chaindata
I0215 21:01:07.253009 core/blockchain.go:219] Last header: #15 [9dcd5e20…] TD=2103872
I0215 21:01:07.253031 core/blockchain.go:220] Last block: #15 [9dcd5e20…] TD=2103872
I0215 21:01:07.253049 core/blockchain.go:221] Fast block: #15 [9dcd5e20…] TD=2103872
I0215 21:01:07.253263 cmd/utils/cmd.go:131] Importing blockchain /blocks/15
I0215 21:01:08.102633 core/blockchain.go:1070] imported    1 blocks,     1 txs (  0.044 Mg) in 849.085ms ( 0.052 Mg/s). #16 [1878c6f2…]
Import done in 849.670135ms.

Compactions
 Level |   Tables   |    Size(MB)   |    Time(sec)  |    Read(MB)   |   Write(MB)
-------+------------+---------------+---------------+---------------+---------------
   1   |          1 |       0.02436 |       0.00000 |       0.00000 |       0.00000

Trie cache misses:  7
Trie cache unloads: 0

Object memory: 34.867 MB current, 34.592 MB peak
System memory: 74.631 MB current, 74.631 MB peak
Allocations:   0.021 million
GC pause:      1.116043ms

Compacting entire database...
Compaction done in 41.970021ms.

Compactions
 Level |   Tables   |    Size(MB)   |    Time(sec)  |    Read(MB)   |   Write(MB)
-------+------------+---------------+---------------+---------------+---------------
   0   |          0 |       0.00000 |       0.02492 |       0.00000 |       0.00202
   1   |          1 |       0.02586 |       0.01297 |       0.02638 |       0.02586

I0215 21:01:08.145288 ethdb/database.go:176] closed db:/root/.ethereum/geth/chaindata
I0215 21:01:08.188166 cmd/utils/flags.go:608] WARNING: No etherbase set and no accounts found as default
I0215 21:01:08.188277 ethdb/database.go:83] Allotted 128MB cache and 1024 file handles to /root/.ethereum/geth/chaindata
I0215 21:01:08.193038 ethdb/database.go:176] closed db:/root/.ethereum/geth/chaindata
I0215 21:01:08.193122 ethdb/database.go:83] Allotted 128MB cache and 1024 file handles to /root/.ethereum/geth/chaindata
I0215 21:01:08.220438 core/blockchain.go:219] Last header: #16 [1878c6f2…] TD=2235904
I0215 21:01:08.220466 core/blockchain.go:220] Last block: #16 [1878c6f2…] TD=2235904
I0215 21:01:08.220475 core/blockchain.go:221] Fast block: #16 [1878c6f2…] TD=2235904
I0215 21:01:08.220901 cmd/utils/cmd.go:131] Importing blockchain /blocks/16
I0215 21:01:09.097490 core/blockchain.go:1070] imported    1 blocks,     1 txs (  0.022 Mg) in 876.336ms ( 0.025 Mg/s). #17 [fa2ccd3c…]
Import done in 877.152197ms.

Compactions
 Level |   Tables   |    Size(MB)   |    Time(sec)  |    Read(MB)   |   Write(MB)
-------+------------+---------------+---------------+---------------+---------------
   1   |          1 |       0.02586 |       0.00000 |       0.00000 |       0.00000

Trie cache misses:  8
Trie cache unloads: 1

Object memory: 34.867 MB current, 34.599 MB peak
System memory: 74.631 MB current, 74.631 MB peak
Allocations:   0.021 million
GC pause:      1.136243ms

Compacting entire database...
Compaction done in 40.918581ms.

Compactions
 Level |   Tables   |    Size(MB)   |    Time(sec)  |    Read(MB)   |   Write(MB)
-------+------------+---------------+---------------+---------------+---------------
   0   |          0 |       0.00000 |       0.01857 |       0.00000 |       0.00170
   1   |          1 |       0.02717 |       0.01395 |       0.02756 |       0.02717

I0215 21:01:09.139058 ethdb/database.go:176] closed db:/root/.ethereum/geth/chaindata
I0215 21:01:09.183640 cmd/utils/flags.go:608] WARNING: No etherbase set and no accounts found as default
I0215 21:01:09.183714 ethdb/database.go:83] Allotted 128MB cache and 1024 file handles to /root/.ethereum/geth/chaindata
I0215 21:01:09.188439 ethdb/database.go:176] closed db:/root/.ethereum/geth/chaindata
I0215 21:01:09.188597 ethdb/database.go:83] Allotted 128MB cache and 1024 file handles to /root/.ethereum/geth/chaindata
I0215 21:01:09.213710 core/blockchain.go:219] Last header: #17 [fa2ccd3c…] TD=2368000
I0215 21:01:09.213807 core/blockchain.go:220] Last block: #17 [fa2ccd3c…] TD=2368000
I0215 21:01:09.213840 core/blockchain.go:221] Fast block: #17 [fa2ccd3c…] TD=2368000
I0215 21:01:09.214023 cmd/utils/cmd.go:131] Importing blockchain /blocks/17
I0215 21:01:10.066289 core/blockchain.go:1070] imported    1 blocks,     1 txs (  0.022 Mg) in 852.074ms ( 0.025 Mg/s). #18 [16dd36d0…]
Import done in 852.543246ms.

Compactions
 Level |   Tables   |    Size(MB)   |    Time(sec)  |    Read(MB)   |   Write(MB)
-------+------------+---------------+---------------+---------------+---------------
   1   |          1 |       0.02717 |       0.00000 |       0.00000 |       0.00000

Trie cache misses:  8
Trie cache unloads: 1

Object memory: 34.879 MB current, 34.617 MB peak
System memory: 74.631 MB current, 74.631 MB peak
Allocations:   0.021 million
GC pause:      735.029µs

Compacting entire database...
Compaction done in 36.289002ms.

Compactions
 Level |   Tables   |    Size(MB)   |    Time(sec)  |    Read(MB)   |   Write(MB)
-------+------------+---------------+---------------+---------------+---------------
   0   |          0 |       0.00000 |       0.01937 |       0.00000 |       0.00168
   1   |          1 |       0.02830 |       0.01273 |       0.02885 |       0.02830

I0215 21:01:10.103021 ethdb/database.go:176] closed db:/root/.ethereum/geth/chaindata
I0215 21:01:10.147196 cmd/utils/flags.go:608] WARNING: No etherbase set and no accounts found as default
I0215 21:01:10.147271 ethdb/database.go:83] Allotted 128MB cache and 1024 file handles to /root/.ethereum/geth/chaindata
I0215 21:01:10.152206 ethdb/database.go:176] closed db:/root/.ethereum/geth/chaindata
I0215 21:01:10.152260 ethdb/database.go:83] Allotted 128MB cache and 1024 file handles to /root/.ethereum/geth/chaindata
I0215 21:01:10.177509 core/blockchain.go:219] Last header: #18 [16dd36d0…] TD=2500160
I0215 21:01:10.177532 core/blockchain.go:220] Last block: #18 [16dd36d0…] TD=2500160
I0215 21:01:10.177550 core/blockchain.go:221] Fast block: #18 [16dd36d0…] TD=2500160
I0215 21:01:10.177731 cmd/utils/cmd.go:131] Importing blockchain /blocks/18
I0215 21:01:11.033966 core/blockchain.go:1070] imported    1 blocks,     1 txs (  0.022 Mg) in 856.006ms ( 0.026 Mg/s). #19 [432cb1a2…]
Import done in 856.706707ms.

Compactions
 Level |   Tables   |    Size(MB)   |    Time(sec)  |    Read(MB)   |   Write(MB)
-------+------------+---------------+---------------+---------------+---------------
   1   |          1 |       0.02830 |       0.00000 |       0.00000 |       0.00000

Trie cache misses:  8
Trie cache unloads: 1

Object memory: 34.882 MB current, 34.613 MB peak
System memory: 74.631 MB current, 74.631 MB peak
Allocations:   0.021 million
GC pause:      1.05584ms

Compacting entire database...
Compaction done in 40.455464ms.

Compactions
 Level |   Tables   |    Size(MB)   |    Time(sec)  |    Read(MB)   |   Write(MB)
-------+------------+---------------+---------------+---------------+---------------
   0   |          0 |       0.00000 |       0.01803 |       0.00000 |       0.00170
   1   |          1 |       0.02930 |       0.01271 |       0.03000 |       0.02930

I0215 21:01:11.075428 ethdb/database.go:176] closed db:/root/.ethereum/geth/chaindata
I0215 21:01:11.121367 cmd/utils/flags.go:608] WARNING: No etherbase set and no accounts found as default
I0215 21:01:11.121442 ethdb/database.go:83] Allotted 128MB cache and 1024 file handles to /root/.ethereum/geth/chaindata
I0215 21:01:11.126096 ethdb/database.go:176] closed db:/root/.ethereum/geth/chaindata
I0215 21:01:11.126147 ethdb/database.go:83] Allotted 128MB cache and 1024 file handles to /root/.ethereum/geth/chaindata
I0215 21:01:11.150700 core/blockchain.go:219] Last header: #19 [432cb1a2…] TD=2632384
I0215 21:01:11.150795 core/blockchain.go:220] Last block: #19 [432cb1a2…] TD=2632384
I0215 21:01:11.150821 core/blockchain.go:221] Fast block: #19 [432cb1a2…] TD=2632384
I0215 21:01:11.150996 cmd/utils/cmd.go:131] Importing blockchain /blocks/19
I0215 21:01:11.999727 core/blockchain.go:1070] imported    1 blocks,     1 txs (  0.022 Mg) in 848.497ms ( 0.026 Mg/s). #20 [66408812…]
Import done in 849.197317ms.

Compactions
 Level |   Tables   |    Size(MB)   |    Time(sec)  |    Read(MB)   |   Write(MB)
-------+------------+---------------+---------------+---------------+---------------
   1   |          1 |       0.02930 |       0.00000 |       0.00000 |       0.00000

Trie cache misses:  8
Trie cache unloads: 1

Object memory: 34.855 MB current, 34.600 MB peak
System memory: 74.631 MB current, 74.631 MB peak
Allocations:   0.021 million
GC pause:      975.639µs

Compacting entire database...
Compaction done in 47.143722ms.

Compactions
 Level |   Tables   |    Size(MB)   |    Time(sec)  |    Read(MB)   |   Write(MB)
-------+------------+---------------+---------------+---------------+---------------
   0   |          0 |       0.00000 |       0.02458 |       0.00000 |       0.00167
   1   |          1 |       0.03065 |       0.01730 |       0.03098 |       0.03065

I0215 21:01:12.047951 ethdb/database.go:176] closed db:/root/.ethereum/geth/chaindata
I0215 21:01:12.091113 cmd/utils/flags.go:608] WARNING: No etherbase set and no accounts found as default
I0215 21:01:12.091168 ethdb/database.go:83] Allotted 128MB cache and 1024 file handles to /root/.ethereum/geth/chaindata
I0215 21:01:12.098904 ethdb/database.go:176] closed db:/root/.ethereum/geth/chaindata
I0215 21:01:12.099342 ethdb/database.go:83] Allotted 128MB cache and 1024 file handles to /root/.ethereum/geth/chaindata
I0215 21:01:12.123956 core/blockchain.go:219] Last header: #20 [66408812…] TD=2764672
I0215 21:01:12.123979 core/blockchain.go:220] Last block: #20 [66408812…] TD=2764672
I0215 21:01:12.123985 core/blockchain.go:221] Fast block: #20 [66408812…] TD=2764672
I0215 21:01:12.124094 cmd/utils/cmd.go:131] Importing blockchain /blocks/20
I0215 21:01:12.966446 core/blockchain.go:1070] imported    1 blocks,     1 txs (  0.022 Mg) in 842.113ms ( 0.026 Mg/s). #21 [bfbcc1d0…]
Import done in 842.689865ms.

Compactions
 Level |   Tables   |    Size(MB)   |    Time(sec)  |    Read(MB)   |   Write(MB)
-------+------------+---------------+---------------+---------------+---------------
   1   |          1 |       0.03065 |       0.00000 |       0.00000 |       0.00000

Trie cache misses:  8
Trie cache unloads: 1

Object memory: 34.867 MB current, 34.599 MB peak
System memory: 74.631 MB current, 74.631 MB peak
Allocations:   0.021 million
GC pause:      3.077318ms

Compacting entire database...
Compaction done in 42.365538ms.

Compactions
 Level |   Tables   |    Size(MB)   |    Time(sec)  |    Read(MB)   |   Write(MB)
-------+------------+---------------+---------------+---------------+---------------
   0   |          0 |       0.00000 |       0.02127 |       0.00000 |       0.00167
   1   |          1 |       0.03168 |       0.01207 |       0.03232 |       0.03168

I0215 21:01:13.009413 ethdb/database.go:176] closed db:/root/.ethereum/geth/chaindata
I0215 21:01:13.052337 cmd/utils/flags.go:608] WARNING: No etherbase set and no accounts found as default
I0215 21:01:13.052503 ethdb/database.go:83] Allotted 128MB cache and 1024 file handles to /root/.ethereum/geth/chaindata
I0215 21:01:13.057258 ethdb/database.go:176] closed db:/root/.ethereum/geth/chaindata
I0215 21:01:13.057352 ethdb/database.go:83] Allotted 128MB cache and 1024 file handles to /root/.ethereum/geth/chaindata
I0215 21:01:13.082556 core/blockchain.go:219] Last header: #21 [bfbcc1d0…] TD=2897024
I0215 21:01:13.082577 core/blockchain.go:220] Last block: #21 [bfbcc1d0…] TD=2897024
I0215 21:01:13.082596 core/blockchain.go:221] Fast block: #21 [bfbcc1d0…] TD=2897024
I0215 21:01:13.082786 cmd/utils/cmd.go:131] Importing blockchain /blocks/21
I0215 21:01:13.947573 core/blockchain.go:1070] imported    1 blocks,     1 txs (  0.022 Mg) in 864.493ms ( 0.025 Mg/s). #22 [a2a75c6b…]
Import done in 865.270838ms.

Compactions
 Level |   Tables   |    Size(MB)   |    Time(sec)  |    Read(MB)   |   Write(MB)
-------+------------+---------------+---------------+---------------+---------------
   1   |          1 |       0.03168 |       0.00000 |       0.00000 |       0.00000

Trie cache misses:  8
Trie cache unloads: 1

Object memory: 34.862 MB current, 34.597 MB peak
System memory: 74.631 MB current, 74.631 MB peak
Allocations:   0.021 million
GC pause:      1.037741ms

Compacting entire database...
Compaction done in 42.45494ms.

Compactions
 Level |   Tables   |    Size(MB)   |    Time(sec)  |    Read(MB)   |   Write(MB)
-------+------------+---------------+---------------+---------------+---------------
   0   |          0 |       0.00000 |       0.02395 |       0.00000 |       0.00170
   1   |          1 |       0.03340 |       0.01433 |       0.03337 |       0.03340

I0215 21:01:13.991098 ethdb/database.go:176] closed db:/root/.ethereum/geth/chaindata
I0215 21:01:14.033265 cmd/utils/flags.go:608] WARNING: No etherbase set and no accounts found as default
I0215 21:01:14.033333 ethdb/database.go:83] Allotted 128MB cache and 1024 file handles to /root/.ethereum/geth/chaindata
I0215 21:01:14.037867 ethdb/database.go:176] closed db:/root/.ethereum/geth/chaindata
I0215 21:01:14.038003 ethdb/database.go:83] Allotted 128MB cache and 1024 file handles to /root/.ethereum/geth/chaindata
I0215 21:01:14.063698 core/blockchain.go:219] Last header: #22 [a2a75c6b…] TD=3029440
I0215 21:01:14.063807 core/blockchain.go:220] Last block: #22 [a2a75c6b…] TD=3029440
I0215 21:01:14.063939 core/blockchain.go:221] Fast block: #22 [a2a75c6b…] TD=3029440
I0215 21:01:14.064139 cmd/utils/cmd.go:131] Importing blockchain /blocks/22
I0215 21:01:14.923698 core/blockchain.go:1070] imported    1 blocks,     1 txs (  0.023 Mg) in 859.420ms ( 0.026 Mg/s). #23 [3c419f39…]
Import done in 859.816527ms.

Compactions
 Level |   Tables   |    Size(MB)   |    Time(sec)  |    Read(MB)   |   Write(MB)
-------+------------+---------------+---------------+---------------+---------------
   1   |          1 |       0.03340 |       0.00000 |       0.00000 |       0.00000

Trie cache misses:  7
Trie cache unloads: 1

Object memory: 34.883 MB current, 34.603 MB peak
System memory: 74.631 MB current, 74.631 MB peak
Allocations:   0.021 million
GC pause:      895.135µs

Compacting entire database...
Compaction done in 45.079542ms.

Compactions
 Level |   Tables   |    Size(MB)   |    Time(sec)  |    Read(MB)   |   Write(MB)
-------+------------+---------------+---------------+---------------+---------------
   0   |          0 |       0.00000 |       0.02378 |       0.00000 |       0.00201
   1   |          1 |       0.03471 |       0.01712 |       0.03541 |       0.03471

I0215 21:01:14.969469 ethdb/database.go:176] closed db:/root/.ethereum/geth/chaindata
I0215 21:01:15.012608 cmd/utils/flags.go:608] WARNING: No etherbase set and no accounts found as default
I0215 21:01:15.012683 ethdb/database.go:83] Allotted 128MB cache and 1024 file handles to /root/.ethereum/geth/chaindata
I0215 21:01:15.017241 ethdb/database.go:176] closed db:/root/.ethereum/geth/chaindata
I0215 21:01:15.017321 ethdb/database.go:83] Allotted 128MB cache and 1024 file handles to /root/.ethereum/geth/chaindata
I0215 21:01:15.042277 core/blockchain.go:219] Last header: #23 [3c419f39…] TD=3161920
I0215 21:01:15.042360 core/blockchain.go:220] Last block: #23 [3c419f39…] TD=3161920
I0215 21:01:15.042383 core/blockchain.go:221] Fast block: #23 [3c419f39…] TD=3161920
I0215 21:01:15.042495 cmd/utils/cmd.go:131] Importing blockchain /blocks/23
I0215 21:01:15.887753 core/blockchain.go:1070] imported    1 blocks,     1 txs (  0.022 Mg) in 845.069ms ( 0.026 Mg/s). #24 [1b0e205a…]
Import done in 845.570977ms.

Compactions
 Level |   Tables   |    Size(MB)   |    Time(sec)  |    Read(MB)   |   Write(MB)
-------+------------+---------------+---------------+---------------+---------------
   1   |          1 |       0.03471 |       0.00000 |       0.00000 |       0.00000

Trie cache misses:  7
Trie cache unloads: 1

Object memory: 34.874 MB current, 34.594 MB peak
System memory: 74.631 MB current, 74.631 MB peak
Allocations:   0.021 million
GC pause:      768.529µs

Compacting entire database...
Compaction done in 41.084788ms.

Compactions
 Level |   Tables   |    Size(MB)   |    Time(sec)  |    Read(MB)   |   Write(MB)
-------+------------+---------------+---------------+---------------+---------------
   0   |          0 |       0.00000 |       0.02384 |       0.00000 |       0.00185
   1   |          1 |       0.03653 |       0.01290 |       0.03656 |       0.03653

I0215 21:01:15.929607 ethdb/database.go:176] closed db:/root/.ethereum/geth/chaindata
I0215 21:01:15.972550 cmd/utils/flags.go:608] WARNING: No etherbase set and no accounts found as default
I0215 21:01:15.972630 ethdb/database.go:83] Allotted 128MB cache and 1024 file handles to /root/.ethereum/geth/chaindata
I0215 21:01:15.982197 ethdb/database.go:176] closed db:/root/.ethereum/geth/chaindata
I0215 21:01:15.982337 ethdb/database.go:83] Allotted 128MB cache and 1024 file handles to /root/.ethereum/geth/chaindata
I0215 21:01:16.007004 core/blockchain.go:219] Last header: #24 [1b0e205a…] TD=3294464
I0215 21:01:16.007076 core/blockchain.go:220] Last block: #24 [1b0e205a…] TD=3294464
I0215 21:01:16.007164 core/blockchain.go:221] Fast block: #24 [1b0e205a…] TD=3294464
I0215 21:01:16.007404 cmd/utils/cmd.go:131] Importing blockchain /blocks/24
I0215 21:01:16.875623 core/blockchain.go:1070] imported    1 blocks,     1 txs (  0.023 Mg) in 867.986ms ( 0.027 Mg/s). #25 [b73cee02…]
Import done in 868.556265ms.

Compactions
 Level |   Tables   |    Size(MB)   |    Time(sec)  |    Read(MB)   |   Write(MB)
-------+------------+---------------+---------------+---------------+---------------
   1   |          1 |       0.03653 |       0.00000 |       0.00000 |       0.00000

Trie cache misses:  7
Trie cache unloads: 1

Object memory: 34.906 MB current, 34.599 MB peak
System memory: 74.631 MB current, 74.631 MB peak
Allocations:   0.021 million
GC pause:      5.240103ms

Compacting entire database...
Compaction done in 50.106537ms.

Compactions
 Level |   Tables   |    Size(MB)   |    Time(sec)  |    Read(MB)   |   Write(MB)
-------+------------+---------------+---------------+---------------+---------------
   0   |          0 |       0.00000 |       0.02580 |       0.00000 |       0.00188
   1   |          1 |       0.03751 |       0.01834 |       0.03841 |       0.03751

I0215 21:01:16.926432 ethdb/database.go:176] closed db:/root/.ethereum/geth/chaindata
I0215 21:01:16.972386 cmd/utils/flags.go:608] WARNING: No etherbase set and no accounts found as default
I0215 21:01:16.972459 ethdb/database.go:83] Allotted 128MB cache and 1024 file handles to /root/.ethereum/geth/chaindata
I0215 21:01:16.977162 ethdb/database.go:176] closed db:/root/.ethereum/geth/chaindata
I0215 21:01:16.977326 ethdb/database.go:83] Allotted 128MB cache and 1024 file handles to /root/.ethereum/geth/chaindata
I0215 21:01:17.003625 core/blockchain.go:219] Last header: #25 [b73cee02…] TD=3427072
I0215 21:01:17.003655 core/blockchain.go:220] Last block: #25 [b73cee02…] TD=3427072
I0215 21:01:17.003675 core/blockchain.go:221] Fast block: #25 [b73cee02…] TD=3427072
I0215 21:01:17.003828 cmd/utils/cmd.go:131] Importing blockchain /blocks/25
I0215 21:01:17.905046 core/blockchain.go:1070] imported    1 blocks,     1 txs (  0.023 Mg) in 901.028ms ( 0.025 Mg/s). #26 [cf6322ea…]
Import done in 901.57684ms.

Compactions
 Level |   Tables   |    Size(MB)   |    Time(sec)  |    Read(MB)   |   Write(MB)
-------+------------+---------------+---------------+---------------+---------------
   1   |          1 |       0.03751 |       0.00000 |       0.00000 |       0.00000

Trie cache misses:  7
Trie cache unloads: 1

Object memory: 34.898 MB current, 34.606 MB peak
System memory: 74.631 MB current, 74.631 MB peak
Allocations:   0.021 million
GC pause:      886.936µs

Compacting entire database...
Compaction done in 45.245848ms.

Compactions
 Level |   Tables   |    Size(MB)   |    Time(sec)  |    Read(MB)   |   Write(MB)
-------+------------+---------------+---------------+---------------+---------------
   0   |          0 |       0.00000 |       0.02525 |       0.00000 |       0.00188
   1   |          1 |       0.03898 |       0.01586 |       0.03939 |       0.03898

I0215 21:01:17.950895 ethdb/database.go:176] closed db:/root/.ethereum/geth/chaindata
I0215 21:01:17.992533 cmd/utils/flags.go:608] WARNING: No etherbase set and no accounts found as default
I0215 21:01:17.992606 ethdb/database.go:83] Allotted 128MB cache and 1024 file handles to /root/.ethereum/geth/chaindata
I0215 21:01:17.997176 ethdb/database.go:176] closed db:/root/.ethereum/geth/chaindata
I0215 21:01:17.997264 ethdb/database.go:83] Allotted 128MB cache and 1024 file handles to /root/.ethereum/geth/chaindata
I0215 21:01:18.023151 core/blockchain.go:219] Last header: #26 [cf6322ea…] TD=3559744
I0215 21:01:18.023172 core/blockchain.go:220] Last block: #26 [cf6322ea…] TD=3559744
I0215 21:01:18.023178 core/blockchain.go:221] Fast block: #26 [cf6322ea…] TD=3559744
I0215 21:01:18.023434 cmd/utils/cmd.go:131] Importing blockchain /blocks/26
I0215 21:01:18.930908 core/blockchain.go:1070] imported    1 blocks,     1 txs (  0.023 Mg) in 907.293ms ( 0.025 Mg/s). #27 [8807dc8e…]
Import done in 907.933887ms.

Compactions
 Level |   Tables   |    Size(MB)   |    Time(sec)  |    Read(MB)   |   Write(MB)
-------+------------+---------------+---------------+---------------+---------------
   1   |          1 |       0.03898 |       0.00000 |       0.00000 |       0.00000

Trie cache misses:  7
Trie cache unloads: 1

Object memory: 34.882 MB current, 34.590 MB peak
System memory: 74.631 MB current, 74.631 MB peak
Allocations:   0.021 million
GC pause:      954.539µs

Compacting entire database...
Compaction done in 47.330829ms.

Compactions
 Level |   Tables   |    Size(MB)   |    Time(sec)  |    Read(MB)   |   Write(MB)
-------+------------+---------------+---------------+---------------+---------------
   0   |          0 |       0.00000 |       0.02911 |       0.00000 |       0.00178
   1   |          1 |       0.03996 |       0.01416 |       0.04076 |       0.03996

I0215 21:01:18.979171 ethdb/database.go:176] closed db:/root/.ethereum/geth/chaindata
I0215 21:01:19.021896 cmd/utils/flags.go:608] WARNING: No etherbase set and no accounts found as default
I0215 21:01:19.022041 ethdb/database.go:83] Allotted 128MB cache and 1024 file handles to /root/.ethereum/geth/chaindata
I0215 21:01:19.026564 ethdb/database.go:176] closed db:/root/.ethereum/geth/chaindata
I0215 21:01:19.026620 ethdb/database.go:83] Allotted 128MB cache and 1024 file handles to /root/.ethereum/geth/chaindata
I0215 21:01:19.056229 core/blockchain.go:219] Last header: #27 [8807dc8e…] TD=3692480
I0215 21:01:19.056250 core/blockchain.go:220] Last block: #27 [8807dc8e…] TD=3692480
I0215 21:01:19.056267 core/blockchain.go:221] Fast block: #27 [8807dc8e…] TD=3692480
I0215 21:01:19.056509 cmd/utils/cmd.go:131] Importing blockchain /blocks/27
I0215 21:01:19.951973 core/blockchain.go:1070] imported    1 blocks,     1 txs (  0.023 Mg) in 895.159ms ( 0.025 Mg/s). #28 [0586b6ab…]
Import done in 895.739615ms.

Compactions
 Level |   Tables   |    Size(MB)   |    Time(sec)  |    Read(MB)   |   Write(MB)
-------+------------+---------------+---------------+---------------+---------------
   1   |          1 |       0.03996 |       0.00000 |       0.00000 |       0.00000

Trie cache misses:  7
Trie cache unloads: 1

Object memory: 34.892 MB current, 34.593 MB peak
System memory: 74.631 MB current, 74.631 MB peak
Allocations:   0.021 million
GC pause:      9.499966ms

Compacting entire database...
Compaction done in 74.133665ms.

Compactions
 Level |   Tables   |    Size(MB)   |    Time(sec)  |    Read(MB)   |   Write(MB)
-------+------------+---------------+---------------+---------------+---------------
   0   |          0 |       0.00000 |       0.05065 |       0.00000 |       0.00198
   1   |          1 |       0.04206 |       0.01780 |       0.04194 |       0.04206

I0215 21:01:20.026729 ethdb/database.go:176] closed db:/root/.ethereum/geth/chaindata
I0215 21:01:20.077503 cmd/utils/flags.go:608] WARNING: No etherbase set and no accounts found as default
I0215 21:01:20.077656 ethdb/database.go:83] Allotted 128MB cache and 1024 file handles to /root/.ethereum/geth/chaindata
I0215 21:01:20.082500 ethdb/database.go:176] closed db:/root/.ethereum/geth/chaindata
I0215 21:01:20.082608 ethdb/database.go:83] Allotted 128MB cache and 1024 file handles to /root/.ethereum/geth/chaindata
I0215 21:01:20.109019 core/blockchain.go:219] Last header: #28 [0586b6ab…] TD=3825280
I0215 21:01:20.109139 core/blockchain.go:220] Last block: #28 [0586b6ab…] TD=3825280
I0215 21:01:20.109211 core/blockchain.go:221] Fast block: #28 [0586b6ab…] TD=3825280
I0215 21:01:20.109565 cmd/utils/cmd.go:131] Importing blockchain /blocks/28
I0215 21:01:21.003414 core/blockchain.go:1070] imported    1 blocks,     1 txs (  0.023 Mg) in 893.632ms ( 0.026 Mg/s). #27 [7d5e45fa…]
Import done in 894.298559ms.

Compactions
 Level |   Tables   |    Size(MB)   |    Time(sec)  |    Read(MB)   |   Write(MB)
-------+------------+---------------+---------------+---------------+---------------
   1   |          1 |       0.04206 |       0.00000 |       0.00000 |       0.00000

Trie cache misses:  7
Trie cache unloads: 1

Object memory: 34.873 MB current, 34.593 MB peak
System memory: 74.631 MB current, 74.631 MB peak
Allocations:   0.021 million
GC pause:      980.338µs

Compacting entire database...
Compaction done in 44.524321ms.

Compactions
 Level |   Tables   |    Size(MB)   |    Time(sec)  |    Read(MB)   |   Write(MB)
-------+------------+---------------+---------------+---------------+---------------
   0   |          0 |       0.00000 |       0.02491 |       0.00000 |       0.00144
   1   |          1 |       0.04310 |       0.01540 |       0.04351 |       0.04310

I0215 21:01:21.048702 ethdb/database.go:176] closed db:/root/.ethereum/geth/chaindata
I0215 21:01:21.094434 cmd/utils/flags.go:608] WARNING: No etherbase set and no accounts found as default
I0215 21:01:21.094668 ethdb/database.go:83] Allotted 128MB cache and 1024 file handles to /root/.ethereum/geth/chaindata
I0215 21:01:21.102723 ethdb/database.go:176] closed db:/root/.ethereum/geth/chaindata
I0215 21:01:21.102849 ethdb/database.go:83] Allotted 128MB cache and 1024 file handles to /root/.ethereum/geth/chaindata
I0215 21:01:21.117859 core/blockchain.go:219] Last header: #28 [0586b6ab…] TD=3825280
I0215 21:01:21.117896 core/blockchain.go:220] Last block: #28 [0586b6ab…] TD=3825280
I0215 21:01:21.117934 core/blockchain.go:221] Fast block: #28 [0586b6ab…] TD=3825280
I0215 21:01:21.118321 cmd/utils/cmd.go:131] Importing blockchain /blocks/29
I0215 21:01:22.000351 core/blockchain.go:1070] imported    1 blocks,     1 txs (  0.023 Mg) in 881.837ms ( 0.026 Mg/s). #28 [3af4d65d…]
Import done in 882.614108ms.

Compactions
 Level |   Tables   |    Size(MB)   |    Time(sec)  |    Read(MB)   |   Write(MB)
-------+------------+---------------+---------------+---------------+---------------
   1   |          1 |       0.04310 |       0.00000 |       0.00000 |       0.00000

Trie cache misses:  7
Trie cache unloads: 1

Object memory: 66.935 MB current, 66.648 MB peak
System memory: 107.662 MB current, 107.662 MB peak
Allocations:   0.021 million
GC pause:      3.37003ms

Compacting entire database...
Compaction done in 53.157454ms.

Compactions
 Level |   Tables   |    Size(MB)   |    Time(sec)  |    Read(MB)   |   Write(MB)
-------+------------+---------------+---------------+---------------+---------------
   0   |          0 |       0.00000 |       0.02268 |       0.00000 |       0.00141
   1   |          1 |       0.04381 |       0.01819 |       0.04451 |       0.04381

I0215 21:01:22.054354 ethdb/database.go:176] closed db:/root/.ethereum/geth/chaindata
I0215 21:01:22.098818 cmd/utils/flags.go:608] WARNING: No etherbase set and no accounts found as default
I0215 21:01:22.098935 ethdb/database.go:83] Allotted 128MB cache and 1024 file handles to /root/.ethereum/geth/chaindata
I0215 21:01:22.103887 ethdb/database.go:176] closed db:/root/.ethereum/geth/chaindata
I0215 21:01:22.103971 ethdb/database.go:83] Allotted 128MB cache and 1024 file handles to /root/.ethereum/geth/chaindata
I0215 21:01:22.119621 core/blockchain.go:219] Last header: #28 [0586b6ab…] TD=3825280
I0215 21:01:22.119642 core/blockchain.go:220] Last block: #28 [0586b6ab…] TD=3825280
I0215 21:01:22.119649 core/blockchain.go:221] Fast block: #28 [0586b6ab…] TD=3825280
I0215 21:01:22.119864 cmd/utils/cmd.go:131] Importing blockchain /blocks/30
I0215 21:01:22.982607 core/blockchain.go:1070] imported    1 blocks,     1 txs (  0.024 Mg) in 862.582ms ( 0.028 Mg/s). #29 [f8cfa377…]
Import done in 862.967449ms.

Compactions
 Level |   Tables   |    Size(MB)   |    Time(sec)  |    Read(MB)   |   Write(MB)
-------+------------+---------------+---------------+---------------+---------------
   1   |          1 |       0.04381 |       0.00000 |       0.00000 |       0.00000

Trie cache misses:  7
Trie cache unloads: 1

Object memory: 35.062 MB current, 34.591 MB peak
System memory: 107.662 MB current, 107.662 MB peak
Allocations:   0.023 million
GC pause:      1.058539ms

Compacting entire database...
Compaction done in 49.1778ms.

Compactions
 Level |   Tables   |    Size(MB)   |    Time(sec)  |    Read(MB)   |   Write(MB)
-------+------------+---------------+---------------+---------------+---------------
   0   |          0 |       0.00000 |       0.02653 |       0.00000 |       0.00374
   1   |          1 |       0.04533 |       0.01392 |       0.04755 |       0.04533

I0215 21:01:23.032490 ethdb/database.go:176] closed db:/root/.ethereum/geth/chaindata
I0215 21:01:23.076494 cmd/utils/flags.go:608] WARNING: No etherbase set and no accounts found as default
I0215 21:01:23.076689 ethdb/database.go:83] Allotted 128MB cache and 1024 file handles to /root/.ethereum/geth/chaindata
I0215 21:01:23.081740 ethdb/database.go:176] closed db:/root/.ethereum/geth/chaindata
I0215 21:01:23.081889 ethdb/database.go:83] Allotted 128MB cache and 1024 file handles to /root/.ethereum/geth/chaindata
I0215 21:01:23.111237 core/blockchain.go:219] Last header: #27 [7d5e45fa…] TD=3692480
I0215 21:01:23.111322 core/blockchain.go:220] Last block: #29 [f8cfa377…] TD=3958144
I0215 21:01:23.111347 core/blockchain.go:221] Fast block: #27 [7d5e45fa…] TD=3692480
I0215 21:01:23.111565 cmd/utils/cmd.go:131] Importing blockchain /blocks/31
I0215 21:01:24.009873 core/blockchain.go:1070] imported    1 blocks,     1 txs (  0.024 Mg) in 898.145ms ( 0.026 Mg/s). #30 [c8df1f06…]
Import done in 898.681629ms.

Compactions
 Level |   Tables   |    Size(MB)   |    Time(sec)  |    Read(MB)   |   Write(MB)
-------+------------+---------------+---------------+---------------+---------------
   1   |          1 |       0.04533 |       0.00000 |       0.00000 |       0.00000

Trie cache misses:  7
Trie cache unloads: 1

Object memory: 34.906 MB current, 34.606 MB peak
System memory: 74.631 MB current, 74.631 MB peak
Allocations:   0.021 million
GC pause:      995.242µs

Compacting entire database...
Compaction done in 43.762291ms.

Compactions
 Level |   Tables   |    Size(MB)   |    Time(sec)  |    Read(MB)   |   Write(MB)
-------+------------+---------------+---------------+---------------+---------------
   0   |          0 |       0.00000 |       0.02414 |       0.00000 |       0.00211
   1   |          1 |       0.04715 |       0.01386 |       0.04744 |       0.04715

I0215 21:01:24.054416 ethdb/database.go:176] closed db:/root/.ethereum/geth/chaindata
I0215 21:01:24.100819 cmd/utils/flags.go:608] WARNING: No etherbase set and no accounts found as default
I0215 21:01:24.100932 ethdb/database.go:83] Allotted 128MB cache and 1024 file handles to /root/.ethereum/geth/chaindata
I0215 21:01:24.105417 ethdb/database.go:176] closed db:/root/.ethereum/geth/chaindata
I0215 21:01:24.105581 ethdb/database.go:83] Allotted 128MB cache and 1024 file handles to /root/.ethereum/geth/chaindata
I0215 21:01:24.125238 core/blockchain.go:219] Last header: #30 [c8df1f06…] TD=4091072
I0215 21:01:24.125296 core/blockchain.go:220] Last block: #30 [c8df1f06…] TD=4091072
I0215 21:01:24.125327 core/blockchain.go:221] Fast block: #30 [c8df1f06…] TD=4091072
I0215 21:01:24.125573 cmd/utils/cmd.go:131] Importing blockchain /blocks/32
I0215 21:01:25.020294 core/blockchain.go:1070] imported    1 blocks,     1 txs (  0.024 Mg) in 894.487ms ( 0.027 Mg/s). #31 [0f765087…]
Import done in 895.057788ms.

Compactions
 Level |   Tables   |    Size(MB)   |    Time(sec)  |    Read(MB)   |   Write(MB)
-------+------------+---------------+---------------+---------------+---------------
   1   |          1 |       0.04715 |       0.00000 |       0.00000 |       0.00000

Trie cache misses:  7
Trie cache unloads: 1

Object memory: 34.917 MB current, 34.589 MB peak
System memory: 107.662 MB current, 107.662 MB peak
Allocations:   0.022 million
GC pause:      1.566561ms

Compacting entire database...
Compaction done in 64.340287ms.

Compactions
 Level |   Tables   |    Size(MB)   |    Time(sec)  |    Read(MB)   |   Write(MB)
-------+------------+---------------+---------------+---------------+---------------
   0   |          0 |       0.00000 |       0.03926 |       0.00000 |       0.00204
   1   |          1 |       0.04832 |       0.02047 |       0.04918 |       0.04832

I0215 21:01:25.085549 ethdb/database.go:176] closed db:/root/.ethereum/geth/chaindata
I0215 21:01:25.130297 cmd/utils/flags.go:608] WARNING: No etherbase set and no accounts found as default
I0215 21:01:25.130437 ethdb/database.go:83] Allotted 128MB cache and 1024 file handles to /root/.ethereum/geth/chaindata
I0215 21:01:25.136393 ethdb/database.go:176] closed db:/root/.ethereum/geth/chaindata
I0215 21:01:25.136476 ethdb/database.go:83] Allotted 128MB cache and 1024 file handles to /root/.ethereum/geth/chaindata
I0215 21:01:25.161858 core/blockchain.go:219] Last header: #31 [0f765087…] TD=4224064
I0215 21:01:25.161884 core/blockchain.go:220] Last block: #31 [0f765087…] TD=4224064
I0215 21:01:25.161890 core/blockchain.go:221] Fast block: #31 [0f765087…] TD=4224064
I0215 21:01:25.162327 cmd/utils/cmd.go:131] Importing blockchain /blocks/33
I0215 21:01:26.018387 core/blockchain.go:1070] imported    1 blocks,     1 txs (  0.024 Mg) in 855.765ms ( 0.028 Mg/s). #32 [71d59849…]
Import done in 856.491598ms.

Compactions
 Level |   Tables   |    Size(MB)   |    Time(sec)  |    Read(MB)   |   Write(MB)
-------+------------+---------------+---------------+---------------+---------------
   1   |          1 |       0.04832 |       0.00000 |       0.00000 |       0.00000

Trie cache misses:  7
Trie cache unloads: 1

Object memory: 34.909 MB current, 34.590 MB peak
System memory: 74.631 MB current, 74.631 MB peak
Allocations:   0.021 million
GC pause:      839.833µs

Compacting entire database...
Compaction done in 56.055666ms.

Compactions
 Level |   Tables   |    Size(MB)   |    Time(sec)  |    Read(MB)   |   Write(MB)
-------+------------+---------------+---------------+---------------+---------------
   0   |          0 |       0.00000 |       0.02849 |       0.00000 |       0.00201
   1   |          1 |       0.04978 |       0.01845 |       0.05033 |       0.04978

I0215 21:01:26.075077 ethdb/database.go:176] closed db:/root/.ethereum/geth/chaindata
Running go-ethereum...
I0215 21:01:26.120852 ethdb/database.go:83] Allotted 128MB cache and 1024 file handles to /root/.ethereum/geth/chaindata
I0215 21:01:26.125875 ethdb/database.go:176] closed db:/root/.ethereum/geth/chaindata
I0215 21:01:26.126419 node/node.go:176] instance: Geth/v1.5.9-unstable-29645045/linux/go1.7.3
I0215 21:01:26.126490 ethdb/database.go:83] Allotted 128MB cache and 1024 file handles to /root/.ethereum/geth/chaindata
I0215 21:01:26.128952 eth/db_upgrade.go:53] Upgrading chain database to use sequential keys
I0215 21:01:26.129244 eth/db_upgrade.go:346] upgrading db log bloom bins
I0215 21:01:26.132471 eth/db_upgrade.go:76] Database conversion successful
I0215 21:01:26.133147 eth/db_upgrade.go:354] upgrade completed in 3.90065ms
I0215 21:01:26.133190 eth/backend.go:187] Protocol Versions: [63 62], Network Id: 1
I0215 21:01:26.133450 eth/backend.go:215] Chain config: {ChainID: 0 Homestead: 1150000 DAO: <nil> DAOSupport: false EIP150: 20000 EIP155: 20000 EIP158: 20000}
I0215 21:01:26.133849 core/blockchain.go:219] Last header: #32 [71d59849…] TD=4357120
I0215 21:01:26.133889 core/blockchain.go:220] Last block: #32 [71d59849…] TD=4357120
I0215 21:01:26.133903 core/blockchain.go:221] Fast block: #32 [71d59849…] TD=4357120
I0215 21:01:26.134700 p2p/server.go:340] Starting Server
I0215 21:01:26.134837 p2p/server.go:608] Listening on [::]:30303
I0215 21:01:26.137182 node/node.go:341] IPC endpoint opened: /root/.ethereum/geth.ipc
I0215 21:01:26.137864 node/node.go:411] HTTP endpoint opened: http://0.0.0.0:8545
