Loading initial blockchain...
Loading remaining individual blocks...
2017-02-15 21:02:08 UTC Configured for Hive using Ethash engine
2017-02-15 21:02:08 UTC Import completed in 0 seconds, 1 blocks, 5 blk/s, 1 transactions, 5 tx/s, 0 Mgas, 2 Mgas/s
2017-02-15 21:02:09 UTC Configured for Hive using Ethash engine
2017-02-15 21:02:09 UTC Import completed in 0 seconds, 1 blocks, 3 blk/s, 1 transactions, 3 tx/s, 0 Mgas, 0 Mgas/s
2017-02-15 21:02:09 UTC Configured for Hive using Ethash engine
2017-02-15 21:02:09 UTC Import completed in 0 seconds, 1 blocks, 2 blk/s, 1 transactions, 2 tx/s, 0 Mgas, 0 Mgas/s
2017-02-15 21:02:10 UTC Configured for Hive using Ethash engine
2017-02-15 21:02:10 UTC Import completed in 0 seconds, 1 blocks, 2 blk/s, 1 transactions, 2 tx/s, 0 Mgas, 0 Mgas/s
2017-02-15 21:02:10 UTC Configured for Hive using Ethash engine
2017-02-15 21:02:11 UTC Import completed in 0 seconds, 1 blocks, 2 blk/s, 1 transactions, 2 tx/s, 0 Mgas, 0 Mgas/s
2017-02-15 21:02:11 UTC Configured for Hive using Ethash engine
2017-02-15 21:02:11 UTC Import completed in 0 seconds, 1 blocks, 2 blk/s, 1 transactions, 2 tx/s, 0 Mgas, 0 Mgas/s
2017-02-15 21:02:12 UTC Configured for Hive using Ethash engine
2017-02-15 21:02:12 UTC Import completed in 0 seconds, 1 blocks, 2 blk/s, 1 transactions, 2 tx/s, 0 Mgas, 0 Mgas/s
2017-02-15 21:02:12 UTC Configured for Hive using Ethash engine
2017-02-15 21:02:13 UTC Import completed in 0 seconds, 1 blocks, 2 blk/s, 1 transactions, 2 tx/s, 0 Mgas, 0 Mgas/s
2017-02-15 21:02:13 UTC Configured for Hive using Ethash engine
2017-02-15 21:02:13 UTC Import completed in 0 seconds, 1 blocks, 2 blk/s, 1 transactions, 2 tx/s, 0 Mgas, 0 Mgas/s
2017-02-15 21:02:14 UTC Configured for Hive using Ethash engine
2017-02-15 21:02:14 UTC Import completed in 0 seconds, 1 blocks, 2 blk/s, 1 transactions, 2 tx/s, 0 Mgas, 0 Mgas/s
2017-02-15 21:02:14 UTC Configured for Hive using Ethash engine
2017-02-15 21:02:15 UTC Import completed in 0 seconds, 1 blocks, 2 blk/s, 1 transactions, 2 tx/s, 0 Mgas, 0 Mgas/s
2017-02-15 21:02:15 UTC Configured for Hive using Ethash engine
2017-02-15 21:02:15 UTC Import completed in 0 seconds, 1 blocks, 2 blk/s, 1 transactions, 2 tx/s, 0 Mgas, 0 Mgas/s
2017-02-15 21:02:16 UTC Configured for Hive using Ethash engine
2017-02-15 21:02:16 UTC Import completed in 0 seconds, 1 blocks, 2 blk/s, 1 transactions, 2 tx/s, 0 Mgas, 0 Mgas/s
2017-02-15 21:02:16 UTC Configured for Hive using Ethash engine
2017-02-15 21:02:17 UTC Import completed in 0 seconds, 1 blocks, 2 blk/s, 1 transactions, 2 tx/s, 0 Mgas, 0 Mgas/s
2017-02-15 21:02:17 UTC Configured for Hive using Ethash engine
2017-02-15 21:02:17 UTC Import completed in 0 seconds, 1 blocks, 2 blk/s, 1 transactions, 2 tx/s, 0 Mgas, 0 Mgas/s
2017-02-15 21:02:18 UTC Configured for Hive using Ethash engine
2017-02-15 21:02:18 UTC Import completed in 0 seconds, 1 blocks, 2 blk/s, 1 transactions, 2 tx/s, 0 Mgas, 0 Mgas/s
2017-02-15 21:02:18 UTC Configured for Hive using Ethash engine
2017-02-15 21:02:19 UTC Import completed in 0 seconds, 1 blocks, 2 blk/s, 1 transactions, 2 tx/s, 0 Mgas, 0 Mgas/s
2017-02-15 21:02:19 UTC Configured for Hive using Ethash engine
2017-02-15 21:02:19 UTC Import completed in 0 seconds, 1 blocks, 2 blk/s, 1 transactions, 2 tx/s, 0 Mgas, 0 Mgas/s
2017-02-15 21:02:20 UTC Configured for Hive using Ethash engine
2017-02-15 21:02:20 UTC Import completed in 0 seconds, 1 blocks, 2 blk/s, 1 transactions, 2 tx/s, 0 Mgas, 0 Mgas/s
2017-02-15 21:02:20 UTC Configured for Hive using Ethash engine
2017-02-15 21:02:21 UTC Import completed in 0 seconds, 1 blocks, 2 blk/s, 1 transactions, 2 tx/s, 0 Mgas, 0 Mgas/s
2017-02-15 21:02:21 UTC Configured for Hive using Ethash engine
2017-02-15 21:02:21 UTC Import completed in 0 seconds, 1 blocks, 2 blk/s, 1 transactions, 2 tx/s, 0 Mgas, 0 Mgas/s
2017-02-15 21:02:22 UTC Configured for Hive using Ethash engine
2017-02-15 21:02:22 UTC Import completed in 0 seconds, 1 blocks, 2 blk/s, 1 transactions, 2 tx/s, 0 Mgas, 0 Mgas/s
2017-02-15 21:02:22 UTC Configured for Hive using Ethash engine
2017-02-15 21:02:23 UTC Import completed in 0 seconds, 1 blocks, 2 blk/s, 1 transactions, 2 tx/s, 0 Mgas, 0 Mgas/s
2017-02-15 21:02:23 UTC Configured for Hive using Ethash engine
2017-02-15 21:02:23 UTC Import completed in 0 seconds, 1 blocks, 2 blk/s, 1 transactions, 2 tx/s, 0 Mgas, 0 Mgas/s
2017-02-15 21:02:24 UTC Configured for Hive using Ethash engine
2017-02-15 21:02:24 UTC Import completed in 0 seconds, 1 blocks, 2 blk/s, 1 transactions, 2 tx/s, 0 Mgas, 0 Mgas/s
2017-02-15 21:02:24 UTC Configured for Hive using Ethash engine
2017-02-15 21:02:25 UTC Import completed in 0 seconds, 1 blocks, 2 blk/s, 1 transactions, 2 tx/s, 0 Mgas, 0 Mgas/s
2017-02-15 21:02:25 UTC Configured for Hive using Ethash engine
2017-02-15 21:02:25 UTC Import completed in 0 seconds, 1 blocks, 2 blk/s, 1 transactions, 2 tx/s, 0 Mgas, 0 Mgas/s
2017-02-15 21:02:26 UTC Configured for Hive using Ethash engine
2017-02-15 21:02:26 UTC Import completed in 0 seconds, 1 blocks, 2 blk/s, 1 transactions, 2 tx/s, 0 Mgas, 0 Mgas/s
2017-02-15 21:02:26 UTC Configured for Hive using Ethash engine
2017-02-15 21:02:27 UTC Import completed in 0 seconds, 1 blocks, 3 blk/s, 1 transactions, 3 tx/s, 0 Mgas, 0 Mgas/s
2017-02-15 21:02:27 UTC Configured for Hive using Ethash engine
2017-02-15 21:02:27 UTC Import completed in 0 seconds, 1 blocks, 2 blk/s, 1 transactions, 2 tx/s, 0 Mgas, 0 Mgas/s
2017-02-15 21:02:28 UTC Configured for Hive using Ethash engine
2017-02-15 21:02:28 UTC Reorg to #29 f8cf…0803 (0586…e376 8807…7c04 #26 cf63…6296 7d5e…a466 3af4…1fb9)
2017-02-15 21:02:28 UTC Import completed in 0 seconds, 1 blocks, 2 blk/s, 1 transactions, 2 tx/s, 0 Mgas, 0 Mgas/s
2017-02-15 21:02:28 UTC Configured for Hive using Ethash engine
2017-02-15 21:02:29 UTC Import completed in 0 seconds, 1 blocks, 2 blk/s, 1 transactions, 2 tx/s, 0 Mgas, 0 Mgas/s
2017-02-15 21:02:29 UTC Configured for Hive using Ethash engine
2017-02-15 21:02:29 UTC Import completed in 0 seconds, 1 blocks, 2 blk/s, 1 transactions, 2 tx/s, 0 Mgas, 0 Mgas/s
2017-02-15 21:02:30 UTC Configured for Hive using Ethash engine
2017-02-15 21:02:30 UTC Import completed in 0 seconds, 1 blocks, 2 blk/s, 1 transactions, 2 tx/s, 0 Mgas, 0 Mgas/s
Running parity...
2017-02-15 21:02:30 UTC Starting Parity/v1.6.0-unstable-88b91b7-20170210/x86_64-linux-gnu/rustc1.15.1
2017-02-15 21:02:30 UTC State DB configuration: fast
2017-02-15 21:02:30 UTC Operating mode: active
2017-02-15 21:02:30 UTC Error initializing hardware wallets: Other error
2017-02-15 21:02:30 UTC Configured for Hive using Ethash engine
