Flags:  --no-discovery --config /chain2.json
Loading remaining individual blocks...
Command: eth  --no-discovery --config /chain2.json import /blocks/0
[1;37mcpp-ethereum, a C++ Ethereum client[0m
[91m ⚡   [35m12:16:02.552[0m[30m|[34mmain[0m  Stop worker[0m [94m801[0m ms
1 imported in 1.803 seconds at 0.6 blocks/s (#1)
[91m ⚡   [35m12:16:03.556[0m[30m|[34meth[0m  Worker stopping[0m [94m1003[0m ms
Command: eth  --no-discovery --config /chain2.json import /blocks/1
[1;37mcpp-ethereum, a C++ Ethereum client[0m
[91m ⚡   [35m12:16:04.591[0m[30m|[34mmain[0m  Stop worker[0m [94m816[0m ms
1 imported in 1.817 seconds at 0.6 blocks/s (#2)
[91m ⚡   [35m12:16:05.595[0m[30m|[34meth[0m  Worker stopping[0m [94m1003[0m ms
Command: eth  --no-discovery --config /chain2.json import /blocks/2
[1;37mcpp-ethereum, a C++ Ethereum client[0m
[91m ⚡   [35m12:16:06.610[0m[30m|[34mmain[0m  Stop worker[0m [94m771[0m ms
1 imported in 1.773 seconds at 0.6 blocks/s (#3)
[91m ⚡   [35m12:16:07.614[0m[30m|[34meth[0m  Worker stopping[0m [94m1003[0m ms
Command: eth  --no-discovery --config /chain2.json import /blocks/3
[1;37mcpp-ethereum, a C++ Ethereum client[0m
[91m ⚡   [35m12:16:08.644[0m[30m|[34mmain[0m  Stop worker[0m [94m787[0m ms
1 imported in 1.79 seconds at 0.6 blocks/s (#4)
[91m ⚡   [35m12:16:09.648[0m[30m|[34meth[0m  Worker stopping[0m [94m1003[0m ms
Command: eth  --no-discovery --config /chain2.json import /blocks/4
[1;37mcpp-ethereum, a C++ Ethereum client[0m
[91m ⚡   [35m12:16:10.703[0m[30m|[34mmain[0m  Stop worker[0m [94m777[0m ms
1 imported in 1.779 seconds at 0.6 blocks/s (#5)
[91m ⚡   [35m12:16:11.707[0m[30m|[34meth[0m  Worker stopping[0m [94m1004[0m ms
Command: eth  --no-discovery --config /chain2.json import /blocks/5
[1;37mcpp-ethereum, a C++ Ethereum client[0m
[91m ⚡   [35m12:16:12.716[0m[30m|[34mmain[0m  Stop worker[0m [94m768[0m ms
1 imported in 1.77 seconds at 0.6 blocks/s (#6)
[91m ⚡   [35m12:16:13.720[0m[30m|[34meth[0m  Worker stopping[0m [94m1004[0m ms
Command: eth  --no-discovery --config /chain2.json import /blocks/6
[1;37mcpp-ethereum, a C++ Ethereum client[0m
[91m ⚡   [35m12:16:14.737[0m[30m|[34mmain[0m  Stop worker[0m [94m782[0m ms
1 imported in 1.785 seconds at 0.6 blocks/s (#7)
[91m ⚡   [35m12:16:15.741[0m[30m|[34meth[0m  Worker stopping[0m [94m1004[0m ms
Command: eth  --no-discovery --config /chain2.json import /blocks/7
[1;37mcpp-ethereum, a C++ Ethereum client[0m
[91m ⚡   [35m12:16:16.800[0m[30m|[34mmain[0m  Stop worker[0m [94m825[0m ms
1 imported in 1.828 seconds at 0.5 blocks/s (#8)
[91m ⚡   [35m12:16:17.804[0m[30m|[34meth[0m  Worker stopping[0m [94m1004[0m ms
Command: eth  --no-discovery --config /chain2.json import /blocks/8
[1;37mcpp-ethereum, a C++ Ethereum client[0m
[91m ⚡   [35m12:16:18.857[0m[30m|[34mmain[0m  Stop worker[0m [94m781[0m ms
1 imported in 1.784 seconds at 0.6 blocks/s (#9)
[91m ⚡   [35m12:16:19.861[0m[30m|[34meth[0m  Worker stopping[0m [94m1004[0m ms
Command: eth  --no-discovery --config /chain2.json import /blocks/9
[1;37mcpp-ethereum, a C++ Ethereum client[0m
[91m ⚡   [35m12:16:20.917[0m[30m|[34mmain[0m  Stop worker[0m [94m810[0m ms
1 imported in 1.813 seconds at 0.6 blocks/s (#10)
[91m ⚡   [35m12:16:21.921[0m[30m|[34meth[0m  Worker stopping[0m [94m1004[0m ms
Command: eth  --no-discovery --config /chain2.json import /blocks/10
[1;37mcpp-ethereum, a C++ Ethereum client[0m
[91m ⚡   [35m12:16:22.949[0m[30m|[34mmain[0m  Stop worker[0m [94m779[0m ms
1 imported in 1.782 seconds at 0.6 blocks/s (#11)
[91m ⚡   [35m12:16:23.953[0m[30m|[34meth[0m  Worker stopping[0m [94m1003[0m ms
Command: eth  --no-discovery --config /chain2.json import /blocks/11
[1;37mcpp-ethereum, a C++ Ethereum client[0m
[91m ⚡   [35m12:16:25.058[0m[30m|[34mmain[0m  Stop worker[0m [94m868[0m ms
1 imported in 1.871 seconds at 0.5 blocks/s (#12)
[91m ⚡   [35m12:16:26.063[0m[30m|[34meth[0m  Worker stopping[0m [94m1004[0m ms
Command: eth  --no-discovery --config /chain2.json import /blocks/12
[1;37mcpp-ethereum, a C++ Ethereum client[0m
0 imported in 1.001 seconds at 0 blocks/s (#13)
[91m ⚡   [35m12:16:27.332[0m[30m|[34meth[0m  Worker stopping[0m [94m1004[0m ms
Command: eth  --no-discovery --config /chain2.json import /blocks/13
[1;37mcpp-ethereum, a C++ Ethereum client[0m
[91m ⚡   [35m12:16:28.348[0m[30m|[34mmain[0m  Stop worker[0m [94m775[0m ms
1 imported in 1.777 seconds at 0.6 blocks/s (#14)
[91m ⚡   [35m12:16:29.352[0m[30m|[34meth[0m  Worker stopping[0m [94m1004[0m ms
Command: eth  --no-discovery --config /chain2.json import /blocks/14
[1;37mcpp-ethereum, a C++ Ethereum client[0m
[91m ⚡   [35m12:16:30.356[0m[30m|[34mmain[0m  Stop worker[0m [94m768[0m ms
1 imported in 1.771 seconds at 0.6 blocks/s (#15)
[91m ⚡   [35m12:16:31.361[0m[30m|[34meth[0m  Worker stopping[0m [94m1004[0m ms
Command: eth  --no-discovery --config /chain2.json import /blocks/15
[1;37mcpp-ethereum, a C++ Ethereum client[0m
[91m ⚡   [35m12:16:32.446[0m[30m|[34mmain[0m  Stop worker[0m [94m849[0m ms
1 imported in 1.852 seconds at 0.5 blocks/s (#16)
[91m ⚡   [35m12:16:33.450[0m[30m|[34meth[0m  Worker stopping[0m [94m1004[0m ms
Command: eth  --no-discovery --config /chain2.json import /blocks/16
[1;37mcpp-ethereum, a C++ Ethereum client[0m
[91m ⚡   [35m12:16:34.498[0m[30m|[34mmain[0m  Stop worker[0m [94m802[0m ms
1 imported in 1.804 seconds at 0.6 blocks/s (#17)
Command: eth  --no-discovery --config /chain2.json import /blocks/17
[91m ⚡   [35m12:16:35.502[0m[30m|[34meth[0m  Worker stopping[0m [94m1004[0m ms
[1;37mcpp-ethereum, a C++ Ethereum client[0m
[91m ⚡   [35m12:16:36.543[0m[30m|[34mmain[0m  Stop worker[0m [94m792[0m ms
1 imported in 1.796 seconds at 0.6 blocks/s (#18)
[91m ⚡   [35m12:16:37.547[0m[30m|[34meth[0m  Worker stopping[0m [94m1004[0m ms
Command: eth  --no-discovery --config /chain2.json import /blocks/18
[1;37mcpp-ethereum, a C++ Ethereum client[0m
[91m ⚡   [35m12:16:38.574[0m[30m|[34mmain[0m  Stop worker[0m [94m781[0m ms
1 imported in 1.784 seconds at 0.6 blocks/s (#19)
[91m ⚡   [35m12:16:39.578[0m[30m|[34meth[0m  Worker stopping[0m [94m1003[0m ms
Command: eth  --no-discovery --config /chain2.json import /blocks/19
[1;37mcpp-ethereum, a C++ Ethereum client[0m
[91m ⚡   [35m12:16:40.660[0m[30m|[34mmain[0m  Stop worker[0m [94m805[0m ms
1 imported in 1.808 seconds at 0.6 blocks/s (#20)
[91m ⚡   [35m12:16:41.664[0m[30m|[34meth[0m  Worker stopping[0m [94m1004[0m ms
Command: eth  --no-discovery --config /chain2.json import /blocks/20
[1;37mcpp-ethereum, a C++ Ethereum client[0m
[91m ⚡   [35m12:16:42.698[0m[30m|[34mmain[0m  Stop worker[0m [94m775[0m ms
1 imported in 1.778 seconds at 0.6 blocks/s (#21)
[91m ⚡   [35m12:16:43.702[0m[30m|[34meth[0m  Worker stopping[0m [94m1003[0m ms
Command: eth  --no-discovery --config /chain2.json import /blocks/21
[1;37mcpp-ethereum, a C++ Ethereum client[0m
[91m ⚡   [35m12:16:44.727[0m[30m|[34mmain[0m  Stop worker[0m [94m782[0m ms
1 imported in 1.785 seconds at 0.6 blocks/s (#22)
[91m ⚡   [35m12:16:45.731[0m[30m|[34meth[0m  Worker stopping[0m [94m1004[0m ms
Command: eth  --no-discovery --config /chain2.json import /blocks/22
[1;37mcpp-ethereum, a C++ Ethereum client[0m
[91m ⚡   [35m12:16:46.778[0m[30m|[34mmain[0m  Stop worker[0m [94m808[0m ms
1 imported in 1.812 seconds at 0.6 blocks/s (#23)
[91m ⚡   [35m12:16:47.802[0m[30m|[34meth[0m  Worker stopping[0m [94m1024[0m ms
Command: eth  --no-discovery --config /chain2.json import /blocks/23
[1;37mcpp-ethereum, a C++ Ethereum client[0m
[91m ⚡   [35m12:16:48.833[0m[30m|[34mmain[0m  Stop worker[0m [94m783[0m ms
1 imported in 1.785 seconds at 0.6 blocks/s (#24)
[91m ⚡   [35m12:16:49.837[0m[30m|[34meth[0m  Worker stopping[0m [94m1003[0m ms
Command: eth  --no-discovery --config /chain2.json import /blocks/24
[1;37mcpp-ethereum, a C++ Ethereum client[0m
[91m ⚡   [35m12:16:50.910[0m[30m|[34mmain[0m  Stop worker[0m [94m820[0m ms
1 imported in 1.823 seconds at 0.5 blocks/s (#25)
[91m ⚡   [35m12:16:51.914[0m[30m|[34meth[0m  Worker stopping[0m [94m1004[0m ms
Command: eth  --no-discovery --config /chain2.json import /blocks/25
[1;37mcpp-ethereum, a C++ Ethereum client[0m
[91m ⚡   [35m12:16:52.949[0m[30m|[34mmain[0m  Stop worker[0m [94m781[0m ms
1 imported in 1.784 seconds at 0.6 blocks/s (#26)
[91m ⚡   [35m12:16:53.953[0m[30m|[34meth[0m  Worker stopping[0m [94m1003[0m ms
Command: eth  --no-discovery --config /chain2.json import /blocks/26
[1;37mcpp-ethereum, a C++ Ethereum client[0m
[91m ⚡   [35m12:16:55.016[0m[30m|[34mmain[0m  Stop worker[0m [94m820[0m ms
1 imported in 1.824 seconds at 0.5 blocks/s (#27)
[91m ⚡   [35m12:16:56.040[0m[30m|[34meth[0m  Worker stopping[0m [94m1024[0m ms
Command: eth  --no-discovery --config /chain2.json import /blocks/27
[1;37mcpp-ethereum, a C++ Ethereum client[0m
[91m ⚡   [35m12:16:57.053[0m[30m|[34mmain[0m  Stop worker[0m [94m770[0m ms
1 imported in 1.774 seconds at 0.6 blocks/s (#28)
[91m ⚡   [35m12:16:58.077[0m[30m|[34meth[0m  Worker stopping[0m [94m1024[0m ms
Command: eth  --no-discovery --config /chain2.json import /blocks/28
[1;37mcpp-ethereum, a C++ Ethereum client[0m
[91m ⚡   [35m12:16:59.132[0m[30m|[34mmain[0m  Stop worker[0m [94m799[0m ms
1 imported in 1.802 seconds at 0.6 blocks/s (#28)
[91m ⚡   [35m12:17:00.137[0m[30m|[34meth[0m  Worker stopping[0m [94m1004[0m ms
Command: eth  --no-discovery --config /chain2.json import /blocks/29
[1;37mcpp-ethereum, a C++ Ethereum client[0m
[91m ⚡   [35m12:17:01.187[0m[30m|[34mmain[0m  Stop worker[0m [94m817[0m ms
1 imported in 1.821 seconds at 0.5 blocks/s (#28)
[91m ⚡   [35m12:17:02.211[0m[30m|[34meth[0m  Worker stopping[0m [94m1024[0m ms
Command: eth  --no-discovery --config /chain2.json import /blocks/30
[1;37mcpp-ethereum, a C++ Ethereum client[0m
0 imported in 1.011 seconds at 0 blocks/s (#29)
[91m ⚡   [35m12:17:03.463[0m[30m|[34meth[0m  Worker stopping[0m [94m1004[0m ms
Command: eth  --no-discovery --config /chain2.json import /blocks/31
[1;37mcpp-ethereum, a C++ Ethereum client[0m
[91m ⚡   [35m12:17:04.620[0m[30m|[34mmain[0m  Stop worker[0m [94m926[0m ms
1 imported in 1.931 seconds at 0.5 blocks/s (#30)
[91m ⚡   [35m12:17:05.644[0m[30m|[34meth[0m  Worker stopping[0m [94m1024[0m ms
Command: eth  --no-discovery --config /chain2.json import /blocks/32
[1;37mcpp-ethereum, a C++ Ethereum client[0m
0 imported in 1.003 seconds at 0 blocks/s (#31)
[91m ⚡   [35m12:17:06.935[0m[30m|[34meth[0m  Worker stopping[0m [94m1007[0m ms
Command: eth  --no-discovery --config /chain2.json import /blocks/33
[1;37mcpp-ethereum, a C++ Ethereum client[0m
[91m ⚡   [35m12:17:07.964[0m[30m|[34mmain[0m  Stop worker[0m [94m781[0m ms
1 imported in 1.784 seconds at 0.6 blocks/s (#32)
[91m ⚡   [35m12:17:08.969[0m[30m|[34meth[0m  Worker stopping[0m [94m1004[0m ms
Not importing keys, TODO implement relevant command
Running cpp-ethereum...
[1;37mcpp-ethereum, a C++ Ethereum client[0m
cpp-ethereum 1.3.0
  By cpp-ethereum contributors, (c) 2013-2016.
  See the README for contributors and credits.
Networking disabled. To start, use netstart or pass --bootstrap or a remote host.
JSONRPC Admin Session Key: yUWVAlAWozw=
